2023-03-06 14:16:49,471:INFO:System Idle Process
2023-03-06 14:16:49,503:INFO:System
2023-03-06 14:16:49,520:INFO:
2023-03-06 14:16:49,543:INFO:Registry
2023-03-06 14:16:49,560:INFO:smss.exe
2023-03-06 14:16:49,670:WARNING:Error in kiling process =644
2023-03-06 14:16:53,435:INFO:csrss.exe
2023-03-06 14:16:53,435:INFO:msedgewebview2.exe
2023-03-06 14:16:53,451:INFO:wininit.exe
2023-03-06 14:16:53,451:INFO:conhost.exe
2023-03-06 14:16:53,474:INFO:services.exe
2023-03-06 14:16:53,483:INFO:LsaIso.exe
2023-03-06 14:16:53,498:INFO:lsass.exe
2023-03-06 14:16:53,529:INFO:svchost.exe
2023-03-06 14:16:53,545:INFO:svchost.exe
2023-03-06 14:16:53,577:INFO:fontdrvhost.exe
2023-03-06 14:16:53,592:INFO:svchost.exe
2023-03-06 14:16:53,608:INFO:svchost.exe
2023-03-06 14:16:53,624:INFO:svchost.exe
2023-03-06 14:16:53,624:INFO:HP.JumpStarts.exe
2023-03-06 14:16:53,624:INFO:Code.exe
2023-03-06 14:16:53,640:INFO:svchost.exe
2023-03-06 14:16:53,640:INFO:Code.exe
2023-03-06 14:16:53,655:INFO:svchost.exe
2023-03-06 14:16:53,674:INFO:svchost.exe
2023-03-06 14:16:53,703:INFO:svchost.exe
2023-03-06 14:16:53,719:INFO:svchost.exe
2023-03-06 14:16:53,734:INFO:MMSSHOST.exe
2023-03-06 14:16:53,752:INFO:svchost.exe
2023-03-06 14:16:53,766:INFO:svchost.exe
2023-03-06 14:16:53,790:INFO:svchost.exe
2023-03-06 14:16:53,790:INFO:slack.exe
2023-03-06 14:16:53,806:INFO:svchost.exe
2023-03-06 14:16:53,823:INFO:svchost.exe
2023-03-06 14:16:53,823:INFO:ETDCtrl.exe
2023-03-06 14:16:53,837:INFO:svchost.exe
2023-03-06 14:16:53,853:INFO:svchost.exe
2023-03-06 14:16:53,874:INFO:svchost.exe
2023-03-06 14:16:53,885:INFO:svchost.exe
2023-03-06 14:16:53,885:INFO:RuntimeBroker.exe
2023-03-06 14:16:53,900:INFO:svchost.exe
2023-03-06 14:16:53,900:INFO:TextInputHost.exe
2023-03-06 14:16:53,900:INFO:CiscoCollabHostCef.exe
2023-03-06 14:16:53,900:INFO:AvastBrowser.exe
2023-03-06 14:16:53,916:INFO:svchost.exe
2023-03-06 14:16:53,947:INFO:svchost.exe
2023-03-06 14:16:53,963:INFO:svchost.exe
2023-03-06 14:16:53,980:INFO:AppHelperCap.exe
2023-03-06 14:16:53,995:INFO:NetworkCap.exe
2023-03-06 14:16:54,011:INFO:DiagsCap.exe
2023-03-06 14:16:54,027:INFO:svchost.exe
2023-03-06 14:16:54,042:INFO:SysInfoCap.exe
2023-03-06 14:16:54,058:INFO:TouchpointAnalyticsClientService.exe
2023-03-06 14:16:54,090:INFO:WUDFHost.exe
2023-03-06 14:16:54,105:INFO:svchost.exe
2023-03-06 14:16:54,121:INFO:svchost.exe
2023-03-06 14:16:54,136:INFO:svchost.exe
2023-03-06 14:16:54,152:INFO:svchost.exe
2023-03-06 14:16:54,175:INFO:svchost.exe
2023-03-06 14:16:54,184:INFO:svchost.exe
2023-03-06 14:16:54,215:INFO:amdfendrsr.exe
2023-03-06 14:16:54,231:INFO:atiesrxx.exe
2023-03-06 14:16:54,246:INFO:svchost.exe
2023-03-06 14:16:54,262:INFO:svchost.exe
2023-03-06 14:16:54,278:INFO:svchost.exe
2023-03-06 14:16:54,302:INFO:svchost.exe
2023-03-06 14:16:54,315:INFO:svchost.exe
2023-03-06 14:16:54,326:INFO:dasHost.exe
2023-03-06 14:16:54,342:INFO:svchost.exe
2023-03-06 14:16:54,358:INFO:svchost.exe
2023-03-06 14:16:54,389:INFO:dasHost.exe
2023-03-06 14:16:54,405:INFO:svchost.exe
2023-03-06 14:16:54,421:INFO:svchost.exe
2023-03-06 14:16:54,436:INFO:wsc_proxy.exe
2023-03-06 14:16:54,452:INFO:svchost.exe
2023-03-06 14:16:54,452:INFO:svchost.exe
2023-03-06 14:16:54,476:INFO:svchost.exe
2023-03-06 14:16:54,476:INFO:conhost.exe
2023-03-06 14:16:54,484:INFO:MemCompression
2023-03-06 14:16:54,499:INFO:svchost.exe
2023-03-06 14:16:54,499:INFO:AdobeCollabSync.exe
2023-03-06 14:16:54,515:INFO:unsecapp.exe
2023-03-06 14:16:54,515:INFO:dllhost.exe
2023-03-06 14:16:54,546:INFO:McAMTaskAgent.exe
2023-03-06 14:16:54,562:INFO:WmiPrvSE.exe
2023-03-06 14:16:54,578:INFO:svchost.exe
2023-03-06 14:16:54,578:INFO:StartMenuExperienceHost.exe
2023-03-06 14:16:54,594:INFO:MfeAVSvc.exe
2023-03-06 14:16:54,610:INFO:svchost.exe
2023-03-06 14:16:54,610:INFO:nxclient.bin
2023-03-06 14:16:54,625:INFO:svchost.exe
2023-03-06 14:16:54,625:INFO:RuntimeBroker.exe
2023-03-06 14:16:54,641:INFO:horizon_client_service.exe
2023-03-06 14:16:54,672:INFO:svchost.exe
2023-03-06 14:16:54,688:INFO:svchost.exe
2023-03-06 14:16:54,704:INFO:svchost.exe
2023-03-06 14:16:54,720:INFO:svchost.exe
2023-03-06 14:16:54,720:INFO:Cortana.exe
2023-03-06 14:16:54,735:INFO:svchost.exe
2023-03-06 14:16:54,751:INFO:ETDService.exe
2023-03-06 14:16:54,783:INFO:svchost.exe
2023-03-06 14:16:54,798:INFO:AvastSvc.exe
2023-03-06 14:16:54,815:INFO:AGMService.exe
2023-03-06 14:16:54,831:INFO:DriverUpdSvc.exe
2023-03-06 14:16:54,851:INFO:armsvc.exe
2023-03-06 14:16:54,851:INFO:agent_ovpnconnect_1647517251935.exe
2023-03-06 14:16:54,863:INFO:svchost.exe
2023-03-06 14:16:54,879:INFO:AGSService.exe
2023-03-06 14:16:54,910:INFO:TuneupSvc.exe
2023-03-06 14:16:54,926:INFO:aswToolsSvc.exe
2023-03-06 14:16:54,942:INFO:svchost.exe
2023-03-06 14:16:54,957:INFO:spoolsv.exe
2023-03-06 14:16:54,978:INFO:afwServ.exe
2023-03-06 14:16:54,989:INFO:svchost.exe
2023-03-06 14:16:54,989:INFO:msedgewebview2.exe
2023-03-06 14:16:54,989:INFO:AvastBrowser.exe
2023-03-06 14:16:54,989:INFO:OneDrive.exe
2023-03-06 14:16:55,006:INFO:ftscanmgrhv.exe
2023-03-06 14:16:55,021:INFO:mfemms.exe
2023-03-06 14:16:55,052:INFO:ModuleCoreService.exe
2023-03-06 14:16:55,068:INFO:mysqld.exe
2023-03-06 14:16:55,084:INFO:nxservice64.exe
2023-03-06 14:16:55,084:INFO:ovpnhelper_service.exe
2023-03-06 14:16:55,084:INFO:msedgewebview2.exe
2023-03-06 14:16:55,100:INFO:svchost.exe
2023-03-06 14:16:55,115:INFO:PEFService.exe
2023-03-06 14:16:55,131:INFO:RtkBtManServ.exe
2023-03-06 14:16:55,147:INFO:TouchpointGpuInfo.exe
2023-03-06 14:16:55,178:INFO:RtkAudUService64.exe
2023-03-06 14:16:55,194:INFO:svchost.exe
2023-03-06 14:16:55,210:INFO:VpnSvc.exe
2023-03-06 14:16:55,225:INFO:nessus-service.exe
2023-03-06 14:16:55,243:INFO:vmware-usbarbitrator64.exe
2023-03-06 14:16:55,257:INFO:vmwsprrdpwks.exe
2023-03-06 14:16:55,257:INFO:WebexHost.exe
2023-03-06 14:16:55,289:INFO:SECOMN64.exe
2023-03-06 14:16:55,305:INFO:WildTangentHelperService.exe
2023-03-06 14:16:55,321:INFO:svchost.exe
2023-03-06 14:16:55,336:INFO:nessusd.exe
2023-03-06 14:16:55,336:INFO:VpnNM.exe
2023-03-06 14:16:55,368:INFO:mysqld.exe
2023-03-06 14:16:55,382:INFO:svchost.exe
2023-03-06 14:16:55,382:INFO:BridgeCommunication.exe
2023-03-06 14:16:55,382:INFO:ctfmon.exe
2023-03-06 14:16:55,382:INFO:powershell.exe
2023-03-06 14:16:55,408:INFO:conhost.exe
2023-03-06 14:16:55,424:INFO:svchost.exe
2023-03-06 14:16:55,439:INFO:svchost.exe
2023-03-06 14:16:55,455:INFO:aswEngSrv.exe
2023-03-06 14:16:55,455:INFO:AvastBrowser.exe
2023-03-06 14:16:55,455:INFO:slack.exe
2023-03-06 14:16:55,455:INFO:AvastBrowser.exe
2023-03-06 14:16:55,487:INFO:mfevtps.exe
2023-03-06 14:16:55,487:INFO:Code.exe
2023-03-06 14:16:55,487:INFO:msedge.exe
2023-03-06 14:16:55,503:INFO:ProtectedModuleHost.exe
2023-03-06 14:16:55,503:INFO:Creative Cloud UI Helper.exe
2023-03-06 14:16:55,518:INFO:AggregatorHost.exe
2023-03-06 14:16:55,534:INFO:nxserver.bin
2023-03-06 14:16:55,550:INFO:conhost.exe
2023-03-06 14:16:55,550:INFO:svchost.exe
2023-03-06 14:16:55,550:INFO:msedgewebview2.exe
2023-03-06 14:16:55,550:INFO:HPSystemEventUtilityHost.exe
2023-03-06 14:16:55,582:INFO:svchost.exe
2023-03-06 14:16:55,582:INFO:OneDrive.exe
2023-03-06 14:16:55,582:INFO:RuntimeBroker.exe
2023-03-06 14:16:55,598:INFO:svchost.exe
2023-03-06 14:16:55,613:INFO:aswidsagent.exe
2023-03-06 14:16:55,613:INFO:Adobe Desktop Service.exe
2023-03-06 14:16:55,629:INFO:svchost.exe
2023-03-06 14:16:55,644:INFO:ModuleCoreService.exe
2023-03-06 14:16:55,644:INFO:SearchHost.exe
2023-03-06 14:16:55,675:INFO:conhost.exe
2023-03-06 14:16:55,691:INFO:taskhostw.exe
2023-03-06 14:16:55,707:INFO:QcShm.exe
2023-03-06 14:16:55,707:INFO:node.exe
2023-03-06 14:16:55,722:INFO:svchost.exe
2023-03-06 14:16:55,738:INFO:svchost.exe
2023-03-06 14:16:55,754:INFO:mcapexe.exe
2023-03-06 14:16:55,754:INFO:AvastBrowser.exe
2023-03-06 14:16:55,785:INFO:svchost.exe
2023-03-06 14:16:55,785:INFO:Zoom.exe
2023-03-06 14:16:55,801:INFO:svchost.exe
2023-03-06 14:16:55,817:INFO:GoogleCrashHandler.exe
2023-03-06 14:16:55,848:INFO:svchost.exe
2023-03-06 14:16:55,864:INFO:McCSPServiceHost.exe
2023-03-06 14:16:55,864:INFO:audiodg.exe
2023-03-06 14:16:58,547:WARNING:Error in kiling process =12536
2023-03-06 14:16:59,290:INFO:McUICnt.exe
2023-03-06 14:16:59,290:INFO:CCLibrary.exe
2023-03-06 14:16:59,316:INFO:svchost.exe
2023-03-06 14:16:59,316:INFO:AvastUI.exe
2023-03-06 14:16:59,333:INFO:svchost.exe
2023-03-06 14:16:59,333:INFO:taskhostw.exe
2023-03-06 14:16:59,333:INFO:svchost.exe
2023-03-06 14:16:59,333:INFO:Zoom.exe
2023-03-06 14:16:59,347:INFO:svchost.exe
2023-03-06 14:16:59,363:INFO:svchost.exe
2023-03-06 14:16:59,363:INFO:Grammarly.Desktop.exe
2023-03-06 14:16:59,394:INFO:nxd.exe
2023-03-06 14:16:59,426:INFO:SgrmBroker.exe
2023-03-06 14:16:59,426:INFO:CiscoCollabHostCef.exe
2023-03-06 14:16:59,426:INFO:slack.exe
2023-03-06 14:16:59,443:INFO:svchost.exe
2023-03-06 14:16:59,457:INFO:winlogon.exe
2023-03-06 14:16:59,473:INFO:GoogleCrashHandler64.exe
2023-03-06 14:16:59,489:INFO:AvastBrowser.exe
2023-03-06 14:16:59,505:INFO:svchost.exe
2023-03-06 14:16:59,505:INFO:msedgewebview2.exe
2023-03-06 14:16:59,505:INFO:mcshield.exe
2023-03-06 14:16:59,505:INFO:svchost.exe
2023-03-06 14:16:59,521:INFO:nxnode.bin
2023-03-06 14:16:59,521:INFO:CiscoCollabHost.exe
2023-03-06 14:16:59,537:INFO:svchost.exe
2023-03-06 14:16:59,537:INFO:AvastUI.exe
2023-03-06 14:16:59,568:INFO:SecurityHealthService.exe
2023-03-06 14:16:59,592:INFO:WmiPrvSE.exe
2023-03-06 14:16:59,608:INFO:fontdrvhost.exe
2023-03-06 14:16:59,608:INFO:svchost.exe
2023-03-06 14:16:59,608:INFO:atmgr.exe
2023-03-06 14:16:59,608:INFO:McPvTray.exe
2023-03-06 14:16:59,624:INFO:HPCommRecovery.exe
2023-03-06 14:16:59,624:INFO:conhost.exe
2023-03-06 14:16:59,639:INFO:atieclxx.exe
2023-03-06 14:16:59,639:INFO:AppVShNotify.exe
2023-03-06 14:16:59,639:INFO:slack.exe
2023-03-06 14:16:59,639:INFO:msedgewebview2.exe
2023-03-06 14:16:59,671:INFO:svchost.exe
2023-03-06 14:16:59,671:INFO:ONENOTEM.EXE
2023-03-06 14:16:59,671:INFO:msedge.exe
2023-03-06 14:16:59,671:INFO:explorer.exe
2023-03-06 14:16:59,691:INFO:svchost.exe
2023-03-06 14:16:59,702:INFO:svchost.exe
2023-03-06 14:16:59,702:INFO:RuntimeBroker.exe
2023-03-06 14:16:59,702:INFO:ShellExperienceHost.exe
2023-03-06 14:16:59,702:INFO:Code.exe
2023-03-06 14:16:59,702:INFO:AdobeIPCBroker.exe
2023-03-06 14:16:59,702:INFO:slack.exe
2023-03-06 14:16:59,702:INFO:AvastBrowser.exe
2023-03-06 14:16:59,718:INFO:McVulCtr.exe
2023-03-06 14:16:59,718:INFO:cmd.exe
2023-03-06 14:16:59,718:INFO:notepad++.exe
2023-03-06 14:16:59,749:INFO:svchost.exe
2023-03-06 14:16:59,749:INFO:OpenVPNConnect.exe
2023-03-06 14:16:59,765:INFO:RuntimeBroker.exe
2023-03-06 14:16:59,765:INFO:mcafee-security-ft.exe
2023-03-06 14:16:59,765:INFO:msedgewebview2.exe
2023-03-06 14:16:59,765:INFO:HPAudioSwitch.exe
2023-03-06 14:16:59,765:INFO:Creative Cloud UI Helper.exe
2023-03-06 14:16:59,765:INFO:msedgewebview2.exe
2023-03-06 14:16:59,765:INFO:SecurityHealthSystray.exe
2023-03-06 14:16:59,780:INFO:svchost.exe
2023-03-06 14:16:59,780:INFO:AvastBrowser.exe
2023-03-06 14:16:59,780:INFO:msteams.exe
2023-03-06 14:16:59,780:INFO:SystemSettingsBroker.exe
2023-03-06 14:16:59,780:INFO:RuntimeBroker.exe
2023-03-06 14:16:59,780:INFO:msedgewebview2.exe
2023-03-06 14:16:59,780:INFO:slack.exe
2023-03-06 14:16:59,780:INFO:AvastBrowser.exe
2023-03-06 14:16:59,797:INFO:dwm.exe
2023-03-06 14:16:59,797:INFO:AvastUI.exe
2023-03-06 14:16:59,797:INFO:taskhostw.exe
2023-03-06 14:16:59,812:INFO:svchost.exe
2023-03-06 14:16:59,812:INFO:WhatsApp.exe
2023-03-06 14:16:59,843:INFO:svchost.exe
2023-03-06 14:16:59,843:INFO:CoreSync.exe
2023-03-06 14:16:59,843:INFO:AvastBrowser.exe
2023-03-06 14:16:59,843:INFO:sihost.exe
2023-03-06 14:16:59,843:INFO:RuntimeBroker.exe
2023-03-06 14:16:59,843:INFO:Widgets.exe
2023-03-06 14:16:59,843:INFO:msedgewebview2.exe
2023-03-06 14:16:59,843:INFO:LockApp.exe
2023-03-06 14:16:59,843:INFO:ModuleCoreService.exe
2023-03-06 14:16:59,843:INFO:Code.exe
2023-03-06 14:16:59,843:INFO:svchost.exe
2023-03-06 14:16:59,843:INFO:msedge.exe
2023-03-06 14:16:59,843:INFO:PhoneExperienceHost.exe
2023-03-06 14:17:02,970:WARNING:this process killed sucessfully =26540
2023-03-06 14:17:03,342:INFO:python.exe
2023-03-06 14:17:03,358:INFO:RuntimeBroker.exe
2023-03-06 14:17:03,358:INFO:RuntimeBroker.exe
2023-03-06 14:17:03,358:INFO:RuntimeBroker.exe
2023-03-06 14:17:03,358:INFO:ai.exe
2023-03-06 14:17:03,358:INFO:BridgeCommunication.exe
2023-03-06 14:17:03,358:INFO:Code.exe
2023-03-06 14:17:03,358:INFO:conhost.exe
2023-03-06 14:17:03,373:INFO:csrss.exe
2023-03-06 14:17:03,373:INFO:node.exe
2023-03-06 14:17:03,373:INFO:msedge.exe
2023-03-06 14:17:03,389:INFO:svchost.exe
2023-03-06 14:17:03,389:INFO:svchost.exe
2023-03-06 14:17:03,389:INFO:CCXProcess.exe
2023-03-06 14:17:03,389:INFO:AdobeNotificationClient.exe
2023-03-06 14:17:03,389:INFO:conhost.exe
2023-03-06 14:17:03,389:INFO:AvastBrowser.exe
2023-03-06 14:17:03,405:INFO:OfficeClickToRun.exe
2023-03-06 14:17:03,422:INFO:svchost.exe
2023-03-06 14:17:03,422:INFO:OpenVPNConnect.exe
2023-03-06 14:17:03,422:INFO:RtkAudUService64.exe
2023-03-06 14:17:03,422:INFO:AvastBrowser.exe
2023-03-06 14:17:03,436:INFO:svchost.exe
2023-03-06 14:17:03,436:INFO:Microsoft.SharePoint.exe
2023-03-06 14:17:03,436:INFO:msedge.exe
2023-03-06 14:17:03,436:INFO:msedge.exe
2023-03-06 14:17:03,452:INFO:svchost.exe
2023-03-06 14:17:03,484:INFO:conhost.exe
2023-03-06 14:17:03,500:INFO:svchost.exe
2023-03-06 14:17:03,500:INFO:AvastBrowser.exe
2023-03-06 14:17:03,500:INFO:OpenVPNConnect.exe
2023-03-06 14:17:03,500:INFO:Code.exe
2023-03-06 14:17:03,500:INFO:Code.exe
2023-03-06 14:17:03,500:INFO:Code.exe
2023-03-06 14:17:03,500:INFO:msedge.exe
2023-03-06 14:17:03,500:INFO:OpenVPNConnect.exe
2023-03-06 14:17:03,500:INFO:cmd.exe
2023-03-06 14:17:03,500:INFO:svchost.exe
2023-03-06 14:17:03,500:INFO:msedge.exe
2023-03-06 14:17:03,500:INFO:msedgewebview2.exe
2023-03-06 14:17:03,500:INFO:AvastUI.exe
2023-03-06 14:17:03,500:INFO:svchost.exe
2023-03-06 14:17:03,500:INFO:AvastNM.exe
2023-03-06 14:17:03,500:INFO:POWERPNT.EXE
2023-03-06 14:17:03,500:INFO:msedgewebview2.exe
2023-03-06 14:17:03,500:INFO:CastSrv.exe
2023-03-06 14:17:03,500:INFO:dllhost.exe
2023-03-06 14:17:03,500:INFO:conhost.exe
2023-03-06 14:17:03,500:INFO:msedge.exe
2023-03-06 14:17:03,500:INFO:AdobeCollabSync.exe
2023-03-06 14:17:03,515:INFO:AdobeUpdateService.exe
2023-03-06 14:17:03,515:INFO:Creative Cloud.exe
2023-03-06 14:17:03,515:INFO:RuntimeBroker.exe
2023-03-06 14:17:03,515:INFO:Code.exe
2023-03-06 14:17:03,532:INFO:svchost.exe
2023-03-06 14:17:03,532:INFO:mcafee-security.exe
2023-03-06 14:17:03,532:INFO:msedge.exe
2023-03-06 14:17:03,547:INFO:SearchIndexer.exe
2023-03-06 14:17:03,563:INFO:svchost.exe
2023-03-06 14:39:52,447:INFO:System Idle Process
2023-03-06 14:39:52,462:INFO:System
2023-03-06 14:39:52,478:INFO:
2023-03-06 14:39:52,494:INFO:Registry
2023-03-06 14:39:52,509:INFO:smss.exe
2023-03-06 14:39:52,633:WARNING:Error in kiling process =644
2023-03-06 14:39:56,256:INFO:csrss.exe
2023-03-06 14:39:56,256:INFO:msedgewebview2.exe
2023-03-06 14:39:56,287:INFO:wininit.exe
2023-03-06 14:39:56,287:INFO:conhost.exe
2023-03-06 14:39:56,303:INFO:services.exe
2023-03-06 14:39:56,318:INFO:LsaIso.exe
2023-03-06 14:39:56,334:INFO:lsass.exe
2023-03-06 14:39:56,350:INFO:svchost.exe
2023-03-06 14:39:56,366:INFO:fontdrvhost.exe
2023-03-06 14:39:56,381:INFO:svchost.exe
2023-03-06 14:39:56,397:INFO:svchost.exe
2023-03-06 14:39:56,412:INFO:svchost.exe
2023-03-06 14:39:56,412:INFO:HP.JumpStarts.exe
2023-03-06 14:39:56,412:INFO:Code.exe
2023-03-06 14:39:56,428:INFO:svchost.exe
2023-03-06 14:39:56,443:INFO:Code.exe
2023-03-06 14:39:56,460:INFO:svchost.exe
2023-03-06 14:39:56,478:INFO:svchost.exe
2023-03-06 14:39:56,500:INFO:svchost.exe
2023-03-06 14:39:56,516:INFO:svchost.exe
2023-03-06 14:39:56,531:INFO:MMSSHOST.exe
2023-03-06 14:39:56,548:INFO:svchost.exe
2023-03-06 14:39:56,563:INFO:svchost.exe
2023-03-06 14:39:56,579:INFO:svchost.exe
2023-03-06 14:39:56,579:INFO:slack.exe
2023-03-06 14:39:56,594:INFO:svchost.exe
2023-03-06 14:39:56,610:INFO:svchost.exe
2023-03-06 14:39:56,610:INFO:ETDCtrl.exe
2023-03-06 14:39:56,641:INFO:svchost.exe
2023-03-06 14:39:56,657:INFO:svchost.exe
2023-03-06 14:39:56,673:INFO:svchost.exe
2023-03-06 14:39:56,689:INFO:svchost.exe
2023-03-06 14:39:56,689:INFO:RuntimeBroker.exe
2023-03-06 14:39:56,704:INFO:svchost.exe
2023-03-06 14:39:56,704:INFO:TextInputHost.exe
2023-03-06 14:39:56,704:INFO:CiscoCollabHostCef.exe
2023-03-06 14:39:56,704:INFO:AvastBrowser.exe
2023-03-06 14:39:56,720:INFO:svchost.exe
2023-03-06 14:39:56,736:INFO:svchost.exe
2023-03-06 14:39:56,752:INFO:svchost.exe
2023-03-06 14:39:56,768:INFO:svchost.exe
2023-03-06 14:39:56,783:INFO:AppHelperCap.exe
2023-03-06 14:39:56,799:INFO:NetworkCap.exe
2023-03-06 14:39:56,814:INFO:DiagsCap.exe
2023-03-06 14:39:56,844:INFO:svchost.exe
2023-03-06 14:39:56,862:INFO:SysInfoCap.exe
2023-03-06 14:39:56,878:INFO:TouchpointAnalyticsClientService.exe
2023-03-06 14:39:56,895:INFO:WUDFHost.exe
2023-03-06 14:39:56,909:INFO:svchost.exe
2023-03-06 14:39:56,925:INFO:svchost.exe
2023-03-06 14:39:56,957:INFO:svchost.exe
2023-03-06 14:39:56,972:INFO:svchost.exe
2023-03-06 14:39:56,988:INFO:svchost.exe
2023-03-06 14:39:57,012:INFO:svchost.exe
2023-03-06 14:39:57,025:INFO:amdfendrsr.exe
2023-03-06 14:39:57,044:INFO:atiesrxx.exe
2023-03-06 14:39:57,067:INFO:svchost.exe
2023-03-06 14:39:57,083:INFO:svchost.exe
2023-03-06 14:39:57,100:INFO:svchost.exe
2023-03-06 14:39:57,114:INFO:svchost.exe
2023-03-06 14:39:57,146:INFO:svchost.exe
2023-03-06 14:39:57,162:INFO:dasHost.exe
2023-03-06 14:39:57,178:INFO:svchost.exe
2023-03-06 14:39:57,193:INFO:svchost.exe
2023-03-06 14:39:57,210:INFO:dasHost.exe
2023-03-06 14:39:57,225:INFO:svchost.exe
2023-03-06 14:39:57,245:INFO:svchost.exe
2023-03-06 14:39:57,256:INFO:wsc_proxy.exe
2023-03-06 14:39:57,288:INFO:svchost.exe
2023-03-06 14:39:57,288:INFO:svchost.exe
2023-03-06 14:39:57,303:INFO:svchost.exe
2023-03-06 14:39:57,303:INFO:conhost.exe
2023-03-06 14:39:57,319:INFO:MemCompression
2023-03-06 14:39:57,335:INFO:svchost.exe
2023-03-06 14:39:57,335:INFO:AdobeCollabSync.exe
2023-03-06 14:39:57,351:INFO:unsecapp.exe
2023-03-06 14:39:57,351:INFO:dllhost.exe
2023-03-06 14:39:57,367:INFO:McAMTaskAgent.exe
2023-03-06 14:39:57,382:INFO:WmiPrvSE.exe
2023-03-06 14:39:57,398:INFO:svchost.exe
2023-03-06 14:39:57,398:INFO:StartMenuExperienceHost.exe
2023-03-06 14:39:57,429:INFO:MfeAVSvc.exe
2023-03-06 14:39:57,445:INFO:svchost.exe
2023-03-06 14:39:57,445:INFO:nxclient.bin
2023-03-06 14:39:57,445:INFO:chrome.exe
2023-03-06 14:39:57,461:INFO:svchost.exe
2023-03-06 14:39:57,461:INFO:RuntimeBroker.exe
2023-03-06 14:39:57,477:INFO:horizon_client_service.exe
2023-03-06 14:39:57,492:INFO:svchost.exe
2023-03-06 14:39:57,508:INFO:svchost.exe
2023-03-06 14:39:57,523:INFO:svchost.exe
2023-03-06 14:39:57,555:INFO:svchost.exe
2023-03-06 14:39:57,555:INFO:Cortana.exe
2023-03-06 14:39:57,575:INFO:svchost.exe
2023-03-06 14:39:57,592:INFO:ETDService.exe
2023-03-06 14:39:57,603:INFO:svchost.exe
2023-03-06 14:39:57,618:INFO:AvastSvc.exe
2023-03-06 14:39:57,650:INFO:AGMService.exe
2023-03-06 14:39:57,666:INFO:DriverUpdSvc.exe
2023-03-06 14:39:57,682:INFO:armsvc.exe
2023-03-06 14:39:57,682:INFO:agent_ovpnconnect_1647517251935.exe
2023-03-06 14:39:57,697:INFO:svchost.exe
2023-03-06 14:39:57,713:INFO:AGSService.exe
2023-03-06 14:39:57,729:INFO:TuneupSvc.exe
2023-03-06 14:39:57,746:INFO:aswToolsSvc.exe
2023-03-06 14:39:57,776:INFO:svchost.exe
2023-03-06 14:39:57,792:INFO:spoolsv.exe
2023-03-06 14:39:57,823:INFO:afwServ.exe
2023-03-06 14:39:57,839:INFO:svchost.exe
2023-03-06 14:39:57,846:INFO:msedgewebview2.exe
2023-03-06 14:39:57,846:INFO:AvastBrowser.exe
2023-03-06 14:39:57,846:INFO:OneDrive.exe
2023-03-06 14:39:57,855:INFO:ftscanmgrhv.exe
2023-03-06 14:39:57,870:INFO:mfemms.exe
2023-03-06 14:39:57,886:INFO:ModuleCoreService.exe
2023-03-06 14:39:57,917:INFO:mysqld.exe
2023-03-06 14:39:57,933:INFO:nxservice64.exe
2023-03-06 14:39:57,933:INFO:ovpnhelper_service.exe
2023-03-06 14:39:57,933:INFO:msedgewebview2.exe
2023-03-06 14:39:57,949:INFO:svchost.exe
2023-03-06 14:39:57,965:INFO:PEFService.exe
2023-03-06 14:39:57,980:INFO:RtkBtManServ.exe
2023-03-06 14:39:57,996:INFO:TouchpointGpuInfo.exe
2023-03-06 14:39:58,027:INFO:RtkAudUService64.exe
2023-03-06 14:39:58,047:INFO:svchost.exe
2023-03-06 14:39:58,061:INFO:VpnSvc.exe
2023-03-06 14:39:58,083:INFO:nessus-service.exe
2023-03-06 14:39:58,107:INFO:vmware-usbarbitrator64.exe
2023-03-06 14:39:58,123:INFO:vmwsprrdpwks.exe
2023-03-06 14:39:58,123:INFO:WebexHost.exe
2023-03-06 14:39:58,139:INFO:SECOMN64.exe
2023-03-06 14:39:58,155:INFO:WildTangentHelperService.exe
2023-03-06 14:39:58,186:INFO:svchost.exe
2023-03-06 14:39:58,202:INFO:nessusd.exe
2023-03-06 14:39:58,202:INFO:VpnNM.exe
2023-03-06 14:39:58,217:INFO:mysqld.exe
2023-03-06 14:39:58,264:INFO:svchost.exe
2023-03-06 14:39:58,264:INFO:BridgeCommunication.exe
2023-03-06 14:39:58,264:INFO:SearchProtocolHost.exe
2023-03-06 14:39:58,264:INFO:chrome.exe
2023-03-06 14:39:58,264:INFO:ctfmon.exe
2023-03-06 14:39:58,264:INFO:powershell.exe
2023-03-06 14:39:58,280:INFO:conhost.exe
2023-03-06 14:39:58,296:INFO:svchost.exe
2023-03-06 14:39:58,311:INFO:svchost.exe
2023-03-06 14:39:58,327:INFO:aswEngSrv.exe
2023-03-06 14:39:58,327:INFO:AvastBrowser.exe
2023-03-06 14:39:58,327:INFO:slack.exe
2023-03-06 14:39:58,327:INFO:AvastBrowser.exe
2023-03-06 14:39:58,347:INFO:mfevtps.exe
2023-03-06 14:39:58,359:INFO:Code.exe
2023-03-06 14:39:58,359:INFO:msedge.exe
2023-03-06 14:39:58,374:INFO:ProtectedModuleHost.exe
2023-03-06 14:39:58,374:INFO:Creative Cloud UI Helper.exe
2023-03-06 14:39:58,390:INFO:AggregatorHost.exe
2023-03-06 14:39:58,406:INFO:nxserver.bin
2023-03-06 14:39:58,421:INFO:conhost.exe
2023-03-06 14:39:58,421:INFO:svchost.exe
2023-03-06 14:39:58,421:INFO:msedgewebview2.exe
2023-03-06 14:39:58,421:INFO:HPSystemEventUtilityHost.exe
2023-03-06 14:39:58,447:INFO:svchost.exe
2023-03-06 14:39:58,447:INFO:OneDrive.exe
2023-03-06 14:39:58,447:INFO:RuntimeBroker.exe
2023-03-06 14:39:58,469:INFO:svchost.exe
2023-03-06 14:39:58,484:INFO:aswidsagent.exe
2023-03-06 14:39:58,484:INFO:Adobe Desktop Service.exe
2023-03-06 14:39:58,500:INFO:svchost.exe
2023-03-06 14:39:58,516:INFO:ModuleCoreService.exe
2023-03-06 14:39:58,516:INFO:SearchHost.exe
2023-03-06 14:39:58,531:INFO:conhost.exe
2023-03-06 14:39:58,548:INFO:taskhostw.exe
2023-03-06 14:39:58,563:INFO:QcShm.exe
2023-03-06 14:39:58,563:INFO:node.exe
2023-03-06 14:39:58,578:INFO:WmiPrvSE.exe
2023-03-06 14:39:58,610:INFO:svchost.exe
2023-03-06 14:39:58,625:INFO:svchost.exe
2023-03-06 14:39:58,634:INFO:mcapexe.exe
2023-03-06 14:39:58,634:INFO:AvastBrowser.exe
2023-03-06 14:39:58,650:INFO:svchost.exe
2023-03-06 14:39:58,650:INFO:Zoom.exe
2023-03-06 14:39:58,666:INFO:svchost.exe
2023-03-06 14:39:58,697:INFO:GoogleCrashHandler.exe
2023-03-06 14:39:58,713:INFO:svchost.exe
2023-03-06 14:39:58,728:INFO:McCSPServiceHost.exe
2023-03-06 14:39:58,728:INFO:audiodg.exe
2023-03-06 14:40:01,322:WARNING:Error in kiling process =12536
2023-03-06 14:40:02,043:INFO:McUICnt.exe
2023-03-06 14:40:02,043:INFO:CCLibrary.exe
2023-03-06 14:40:02,059:INFO:svchost.exe
2023-03-06 14:40:02,059:INFO:AvastUI.exe
2023-03-06 14:40:02,075:INFO:svchost.exe
2023-03-06 14:40:02,075:INFO:taskhostw.exe
2023-03-06 14:40:02,075:INFO:svchost.exe
2023-03-06 14:40:02,075:INFO:chrome.exe
2023-03-06 14:40:02,090:INFO:Zoom.exe
2023-03-06 14:40:02,106:INFO:svchost.exe
2023-03-06 14:40:02,137:INFO:svchost.exe
2023-03-06 14:40:02,137:INFO:Grammarly.Desktop.exe
2023-03-06 14:40:02,155:INFO:nxd.exe
2023-03-06 14:40:02,169:INFO:SgrmBroker.exe
2023-03-06 14:40:02,169:INFO:CiscoCollabHostCef.exe
2023-03-06 14:40:02,169:INFO:slack.exe
2023-03-06 14:40:02,185:INFO:svchost.exe
2023-03-06 14:40:02,200:INFO:winlogon.exe
2023-03-06 14:40:02,216:INFO:GoogleCrashHandler64.exe
2023-03-06 14:40:02,216:INFO:AvastBrowser.exe
2023-03-06 14:40:02,247:INFO:svchost.exe
2023-03-06 14:40:02,247:INFO:msedgewebview2.exe
2023-03-06 14:40:02,247:INFO:mcshield.exe
2023-03-06 14:40:02,247:INFO:svchost.exe
2023-03-06 14:40:02,263:INFO:nxnode.bin
2023-03-06 14:40:02,263:INFO:CiscoCollabHost.exe
2023-03-06 14:40:02,279:INFO:svchost.exe
2023-03-06 14:40:02,279:INFO:AvastUI.exe
2023-03-06 14:40:02,303:INFO:SecurityHealthService.exe
2023-03-06 14:40:02,319:INFO:fontdrvhost.exe
2023-03-06 14:40:02,319:INFO:svchost.exe
2023-03-06 14:40:02,319:INFO:atmgr.exe
2023-03-06 14:40:02,319:INFO:McPvTray.exe
2023-03-06 14:40:02,319:INFO:python.exe
2023-03-06 14:40:02,335:INFO:HPCommRecovery.exe
2023-03-06 14:40:02,335:INFO:conhost.exe
2023-03-06 14:40:02,356:INFO:atieclxx.exe
2023-03-06 14:40:02,356:INFO:AppVShNotify.exe
2023-03-06 14:40:02,356:INFO:slack.exe
2023-03-06 14:40:02,356:INFO:msedgewebview2.exe
2023-03-06 14:40:02,382:INFO:svchost.exe
2023-03-06 14:40:02,382:INFO:ONENOTEM.EXE
2023-03-06 14:40:02,382:INFO:msedge.exe
2023-03-06 14:40:02,382:INFO:explorer.exe
2023-03-06 14:40:02,398:INFO:svchost.exe
2023-03-06 14:40:02,398:INFO:RuntimeBroker.exe
2023-03-06 14:40:02,398:INFO:ShellExperienceHost.exe
2023-03-06 14:40:02,398:INFO:Code.exe
2023-03-06 14:40:02,398:INFO:chrome.exe
2023-03-06 14:40:02,398:INFO:AdobeIPCBroker.exe
2023-03-06 14:40:02,398:INFO:slack.exe
2023-03-06 14:40:02,398:INFO:AvastBrowser.exe
2023-03-06 14:40:02,413:INFO:McVulCtr.exe
2023-03-06 14:40:02,413:INFO:cmd.exe
2023-03-06 14:40:02,413:INFO:notepad++.exe
2023-03-06 14:40:02,413:INFO:OpenVPNConnect.exe
2023-03-06 14:40:02,413:INFO:RuntimeBroker.exe
2023-03-06 14:40:02,413:INFO:mcafee-security-ft.exe
2023-03-06 14:40:02,413:INFO:msedgewebview2.exe
2023-03-06 14:40:02,413:INFO:HPAudioSwitch.exe
2023-03-06 14:40:02,413:INFO:Creative Cloud UI Helper.exe
2023-03-06 14:40:02,413:INFO:chrome.exe
2023-03-06 14:40:02,413:INFO:chrome.exe
2023-03-06 14:40:02,413:INFO:msedgewebview2.exe
2023-03-06 14:40:02,413:INFO:SecurityHealthSystray.exe
2023-03-06 14:40:02,429:INFO:svchost.exe
2023-03-06 14:40:02,429:INFO:AvastBrowser.exe
2023-03-06 14:40:02,429:INFO:msteams.exe
2023-03-06 14:40:02,461:INFO:svchost.exe
2023-03-06 14:40:02,461:INFO:SystemSettingsBroker.exe
2023-03-06 14:40:02,461:INFO:RuntimeBroker.exe
2023-03-06 14:40:02,461:INFO:msedgewebview2.exe
2023-03-06 14:40:02,461:INFO:slack.exe
2023-03-06 14:40:02,461:INFO:AvastBrowser.exe
2023-03-06 14:40:02,476:INFO:dwm.exe
2023-03-06 14:40:02,476:INFO:AvastUI.exe
2023-03-06 14:40:02,476:INFO:taskhostw.exe
2023-03-06 14:40:02,492:INFO:svchost.exe
2023-03-06 14:40:02,492:INFO:WhatsApp.exe
2023-03-06 14:40:02,508:INFO:svchost.exe
2023-03-06 14:40:02,508:INFO:CoreSync.exe
2023-03-06 14:40:02,508:INFO:AvastBrowser.exe
2023-03-06 14:40:02,508:INFO:sihost.exe
2023-03-06 14:40:02,508:INFO:RuntimeBroker.exe
2023-03-06 14:40:02,508:INFO:RuntimeBroker.exe
2023-03-06 14:40:02,508:INFO:Widgets.exe
2023-03-06 14:40:02,508:INFO:msedgewebview2.exe
2023-03-06 14:40:02,508:INFO:LockApp.exe
2023-03-06 14:40:02,508:INFO:ModuleCoreService.exe
2023-03-06 14:40:02,508:INFO:Code.exe
2023-03-06 14:40:02,508:INFO:svchost.exe
2023-03-06 14:40:02,508:INFO:msedge.exe
2023-03-06 14:40:02,508:INFO:chrome.exe
2023-03-06 14:40:02,508:INFO:RuntimeBroker.exe
2023-03-06 14:40:02,508:INFO:RuntimeBroker.exe
2023-03-06 14:40:02,508:INFO:RuntimeBroker.exe
2023-03-06 14:40:02,508:INFO:ai.exe
2023-03-06 14:40:02,508:INFO:BridgeCommunication.exe
2023-03-06 14:40:02,508:INFO:Code.exe
2023-03-06 14:40:02,508:INFO:conhost.exe
2023-03-06 14:40:02,539:INFO:csrss.exe
2023-03-06 14:40:02,539:INFO:node.exe
2023-03-06 14:40:02,539:INFO:msedge.exe
2023-03-06 14:40:02,557:INFO:svchost.exe
2023-03-06 14:40:02,557:INFO:svchost.exe
2023-03-06 14:40:02,557:INFO:CCXProcess.exe
2023-03-06 14:40:02,557:INFO:AdobeNotificationClient.exe
2023-03-06 14:40:02,557:INFO:conhost.exe
2023-03-06 14:40:02,557:INFO:AvastBrowser.exe
2023-03-06 14:40:02,571:INFO:OfficeClickToRun.exe
2023-03-06 14:40:02,586:INFO:svchost.exe
2023-03-06 14:40:02,602:INFO:OpenVPNConnect.exe
2023-03-06 14:40:02,602:INFO:RtkAudUService64.exe
2023-03-06 14:40:02,602:INFO:AvastBrowser.exe
2023-03-06 14:40:02,618:INFO:svchost.exe
2023-03-06 14:40:02,618:INFO:Microsoft.SharePoint.exe
2023-03-06 14:40:02,618:INFO:msedge.exe
2023-03-06 14:40:02,618:INFO:msedge.exe
2023-03-06 14:40:02,633:INFO:svchost.exe
2023-03-06 14:40:02,657:INFO:conhost.exe
2023-03-06 14:40:02,665:INFO:svchost.exe
2023-03-06 14:40:02,665:INFO:AvastBrowser.exe
2023-03-06 14:40:02,665:INFO:OpenVPNConnect.exe
2023-03-06 14:40:02,665:INFO:Code.exe
2023-03-06 14:40:02,665:INFO:Code.exe
2023-03-06 14:40:02,665:INFO:Code.exe
2023-03-06 14:40:02,665:INFO:msedge.exe
2023-03-06 14:40:02,665:INFO:OpenVPNConnect.exe
2023-03-06 14:40:02,665:INFO:cmd.exe
2023-03-06 14:40:02,665:INFO:svchost.exe
2023-03-06 14:40:02,665:INFO:msedge.exe
2023-03-06 14:40:02,665:INFO:msedgewebview2.exe
2023-03-06 14:40:02,665:INFO:AvastUI.exe
2023-03-06 14:40:02,665:INFO:svchost.exe
2023-03-06 14:40:02,665:INFO:AvastNM.exe
2023-03-06 14:40:02,665:INFO:POWERPNT.EXE
2023-03-06 14:40:02,665:INFO:msedgewebview2.exe
2023-03-06 14:40:02,665:INFO:CastSrv.exe
2023-03-06 14:40:02,665:INFO:dllhost.exe
2023-03-06 14:40:02,665:INFO:conhost.exe
2023-03-06 14:40:02,665:INFO:msedge.exe
2023-03-06 14:40:02,665:INFO:AdobeCollabSync.exe
2023-03-06 14:40:02,697:INFO:AdobeUpdateService.exe
2023-03-06 14:40:02,697:INFO:Creative Cloud.exe
2023-03-06 14:40:02,697:INFO:RuntimeBroker.exe
2023-03-06 14:40:02,697:INFO:Code.exe
2023-03-06 14:40:02,712:INFO:svchost.exe
2023-03-06 14:40:02,712:INFO:mcafee-security.exe
2023-03-06 14:40:02,712:INFO:chrome.exe
2023-03-06 14:40:02,712:INFO:msedge.exe
2023-03-06 14:40:02,728:INFO:SearchIndexer.exe
2023-03-06 14:40:02,743:INFO:svchost.exe
2023-03-06 14:54:41,152:INFO:System Idle Process
2023-03-06 14:54:41,152:INFO:System
2023-03-06 14:54:41,152:INFO:
2023-03-06 14:54:41,152:INFO:Registry
2023-03-06 14:54:41,152:INFO:smss.exe
2023-03-06 14:54:41,184:WARNING:Error in kiling process =644
2023-03-06 14:54:41,231:INFO:csrss.exe
2023-03-06 14:54:41,231:INFO:msedgewebview2.exe
2023-03-06 14:54:41,231:INFO:wininit.exe
2023-03-06 14:54:41,231:INFO:conhost.exe
2023-03-06 14:54:41,231:INFO:services.exe
2023-03-06 14:54:41,231:INFO:LsaIso.exe
2023-03-06 14:54:41,231:INFO:lsass.exe
2023-03-06 14:54:41,231:INFO:svchost.exe
2023-03-06 14:54:41,231:INFO:fontdrvhost.exe
2023-03-06 14:54:41,231:INFO:svchost.exe
2023-03-06 14:54:41,231:INFO:svchost.exe
2023-03-06 14:54:41,231:INFO:svchost.exe
2023-03-06 14:54:41,231:INFO:HP.JumpStarts.exe
2023-03-06 14:54:41,231:INFO:Code.exe
2023-03-06 14:54:41,231:INFO:svchost.exe
2023-03-06 14:54:41,231:INFO:Code.exe
2023-03-06 14:54:41,231:INFO:svchost.exe
2023-03-06 14:54:41,231:INFO:svchost.exe
2023-03-06 14:54:41,231:INFO:svchost.exe
2023-03-06 14:54:41,231:INFO:svchost.exe
2023-03-06 14:54:41,231:INFO:MMSSHOST.exe
2023-03-06 14:54:41,231:INFO:svchost.exe
2023-03-06 14:54:41,231:INFO:svchost.exe
2023-03-06 14:54:41,231:INFO:svchost.exe
2023-03-06 14:54:41,231:INFO:slack.exe
2023-03-06 14:54:41,231:INFO:svchost.exe
2023-03-06 14:54:41,231:INFO:svchost.exe
2023-03-06 14:54:41,231:INFO:ETDCtrl.exe
2023-03-06 14:54:41,231:INFO:svchost.exe
2023-03-06 14:54:41,231:INFO:svchost.exe
2023-03-06 14:54:41,231:INFO:svchost.exe
2023-03-06 14:54:41,231:INFO:svchost.exe
2023-03-06 14:54:41,231:INFO:RuntimeBroker.exe
2023-03-06 14:54:41,231:INFO:svchost.exe
2023-03-06 14:54:41,231:INFO:TextInputHost.exe
2023-03-06 14:54:41,231:INFO:CiscoCollabHostCef.exe
2023-03-06 14:54:41,231:INFO:AvastBrowser.exe
2023-03-06 14:54:41,231:INFO:svchost.exe
2023-03-06 14:54:41,231:INFO:svchost.exe
2023-03-06 14:54:41,231:INFO:svchost.exe
2023-03-06 14:54:41,231:INFO:AppHelperCap.exe
2023-03-06 14:54:41,231:INFO:NetworkCap.exe
2023-03-06 14:54:41,231:INFO:DiagsCap.exe
2023-03-06 14:54:41,231:INFO:svchost.exe
2023-03-06 14:54:41,231:INFO:SysInfoCap.exe
2023-03-06 14:54:41,231:INFO:TouchpointAnalyticsClientService.exe
2023-03-06 14:54:41,231:INFO:WUDFHost.exe
2023-03-06 14:54:41,231:INFO:svchost.exe
2023-03-06 14:54:41,231:INFO:svchost.exe
2023-03-06 14:54:41,231:INFO:svchost.exe
2023-03-06 14:54:41,231:INFO:svchost.exe
2023-03-06 14:54:41,231:INFO:svchost.exe
2023-03-06 14:54:41,231:INFO:svchost.exe
2023-03-06 14:54:41,231:INFO:amdfendrsr.exe
2023-03-06 14:54:41,231:INFO:atiesrxx.exe
2023-03-06 14:54:41,231:INFO:svchost.exe
2023-03-06 14:54:41,231:INFO:svchost.exe
2023-03-06 14:54:41,231:INFO:svchost.exe
2023-03-06 14:54:41,231:INFO:svchost.exe
2023-03-06 14:54:41,246:INFO:svchost.exe
2023-03-06 14:54:41,246:INFO:dasHost.exe
2023-03-06 14:54:41,246:INFO:svchost.exe
2023-03-06 14:54:41,246:INFO:svchost.exe
2023-03-06 14:54:41,246:INFO:dasHost.exe
2023-03-06 14:54:41,246:INFO:svchost.exe
2023-03-06 14:54:41,246:INFO:svchost.exe
2023-03-06 14:54:41,246:INFO:wsc_proxy.exe
2023-03-06 14:54:41,246:INFO:svchost.exe
2023-03-06 14:54:41,246:INFO:svchost.exe
2023-03-06 14:54:41,246:INFO:svchost.exe
2023-03-06 14:54:41,246:INFO:conhost.exe
2023-03-06 14:54:41,246:INFO:MemCompression
2023-03-06 14:54:41,246:INFO:svchost.exe
2023-03-06 14:54:41,246:INFO:AdobeCollabSync.exe
2023-03-06 14:54:41,246:INFO:unsecapp.exe
2023-03-06 14:54:41,246:INFO:dllhost.exe
2023-03-06 14:54:41,246:INFO:McAMTaskAgent.exe
2023-03-06 14:54:41,246:INFO:WmiPrvSE.exe
2023-03-06 14:54:41,246:INFO:svchost.exe
2023-03-06 14:54:41,246:INFO:StartMenuExperienceHost.exe
2023-03-06 14:54:41,246:INFO:MfeAVSvc.exe
2023-03-06 14:54:41,246:INFO:svchost.exe
2023-03-06 14:54:41,246:INFO:nxclient.bin
2023-03-06 14:54:41,246:INFO:chrome.exe
2023-03-06 14:54:41,246:INFO:svchost.exe
2023-03-06 14:54:41,246:INFO:RuntimeBroker.exe
2023-03-06 14:54:41,246:INFO:horizon_client_service.exe
2023-03-06 14:54:41,246:INFO:svchost.exe
2023-03-06 14:54:41,246:INFO:svchost.exe
2023-03-06 14:54:41,246:INFO:svchost.exe
2023-03-06 14:54:41,246:INFO:svchost.exe
2023-03-06 14:54:41,246:INFO:Cortana.exe
2023-03-06 14:54:41,246:INFO:svchost.exe
2023-03-06 14:54:41,246:INFO:ETDService.exe
2023-03-06 14:54:41,246:INFO:svchost.exe
2023-03-06 14:54:41,246:INFO:AvastSvc.exe
2023-03-06 14:54:41,246:INFO:AGMService.exe
2023-03-06 14:54:41,246:INFO:DriverUpdSvc.exe
2023-03-06 14:54:41,246:INFO:armsvc.exe
2023-03-06 14:54:41,246:INFO:agent_ovpnconnect_1647517251935.exe
2023-03-06 14:54:41,246:INFO:svchost.exe
2023-03-06 14:54:41,246:INFO:AGSService.exe
2023-03-06 14:54:41,246:INFO:TuneupSvc.exe
2023-03-06 14:54:41,246:INFO:aswToolsSvc.exe
2023-03-06 14:54:41,246:INFO:svchost.exe
2023-03-06 14:54:41,246:INFO:spoolsv.exe
2023-03-06 14:54:41,246:INFO:afwServ.exe
2023-03-06 14:54:41,246:INFO:svchost.exe
2023-03-06 14:54:41,246:INFO:msedgewebview2.exe
2023-03-06 14:54:41,246:INFO:AvastBrowser.exe
2023-03-06 14:54:41,246:INFO:OneDrive.exe
2023-03-06 14:54:41,246:INFO:ftscanmgrhv.exe
2023-03-06 14:54:41,246:INFO:mfemms.exe
2023-03-06 14:54:41,246:INFO:ModuleCoreService.exe
2023-03-06 14:54:41,246:INFO:mysqld.exe
2023-03-06 14:54:41,246:INFO:nxservice64.exe
2023-03-06 14:54:41,246:INFO:ovpnhelper_service.exe
2023-03-06 14:54:41,246:INFO:msedgewebview2.exe
2023-03-06 14:54:41,246:INFO:svchost.exe
2023-03-06 14:54:41,246:INFO:PEFService.exe
2023-03-06 14:54:41,246:INFO:RtkBtManServ.exe
2023-03-06 14:54:41,246:INFO:TouchpointGpuInfo.exe
2023-03-06 14:54:41,246:INFO:RtkAudUService64.exe
2023-03-06 14:54:41,246:INFO:svchost.exe
2023-03-06 14:54:41,246:INFO:VpnSvc.exe
2023-03-06 14:54:41,246:INFO:nessus-service.exe
2023-03-06 14:54:41,246:INFO:vmware-usbarbitrator64.exe
2023-03-06 14:54:41,246:INFO:vmwsprrdpwks.exe
2023-03-06 14:54:41,246:INFO:WebexHost.exe
2023-03-06 14:54:41,246:INFO:SECOMN64.exe
2023-03-06 14:54:41,246:INFO:WildTangentHelperService.exe
2023-03-06 14:54:41,246:INFO:svchost.exe
2023-03-06 14:54:41,246:INFO:nessusd.exe
2023-03-06 14:54:41,246:INFO:VpnNM.exe
2023-03-06 14:54:41,246:INFO:mysqld.exe
2023-03-06 14:54:41,246:INFO:svchost.exe
2023-03-06 14:54:41,262:INFO:BridgeCommunication.exe
2023-03-06 14:54:41,262:INFO:chrome.exe
2023-03-06 14:54:41,262:INFO:ctfmon.exe
2023-03-06 14:54:41,262:INFO:powershell.exe
2023-03-06 14:54:41,262:INFO:conhost.exe
2023-03-06 14:54:41,262:INFO:svchost.exe
2023-03-06 14:54:41,265:INFO:svchost.exe
2023-03-06 14:54:41,265:INFO:aswEngSrv.exe
2023-03-06 14:54:41,265:INFO:AvastBrowser.exe
2023-03-06 14:54:41,265:INFO:slack.exe
2023-03-06 14:54:41,265:INFO:AvastBrowser.exe
2023-03-06 14:54:41,265:INFO:mfevtps.exe
2023-03-06 14:54:41,265:INFO:Code.exe
2023-03-06 14:54:41,265:INFO:msedge.exe
2023-03-06 14:54:41,265:INFO:ProtectedModuleHost.exe
2023-03-06 14:54:41,265:INFO:Creative Cloud UI Helper.exe
2023-03-06 14:54:41,265:INFO:AggregatorHost.exe
2023-03-06 14:54:41,265:INFO:nxserver.bin
2023-03-06 14:54:41,265:INFO:conhost.exe
2023-03-06 14:54:41,265:INFO:svchost.exe
2023-03-06 14:54:41,265:INFO:msedgewebview2.exe
2023-03-06 14:54:41,265:INFO:HPSystemEventUtilityHost.exe
2023-03-06 14:54:41,265:INFO:svchost.exe
2023-03-06 14:54:41,265:INFO:OneDrive.exe
2023-03-06 14:54:41,265:INFO:RuntimeBroker.exe
2023-03-06 14:54:41,265:INFO:svchost.exe
2023-03-06 14:54:41,265:INFO:aswidsagent.exe
2023-03-06 14:54:41,265:INFO:Adobe Desktop Service.exe
2023-03-06 14:54:41,265:INFO:svchost.exe
2023-03-06 14:54:41,265:INFO:ModuleCoreService.exe
2023-03-06 14:54:41,265:INFO:SearchHost.exe
2023-03-06 14:54:41,265:INFO:conhost.exe
2023-03-06 14:54:41,265:INFO:taskhostw.exe
2023-03-06 14:54:41,265:INFO:QcShm.exe
2023-03-06 14:54:41,265:INFO:node.exe
2023-03-06 14:54:41,265:INFO:RuntimeBroker.exe
2023-03-06 14:54:41,265:INFO:svchost.exe
2023-03-06 14:54:41,265:INFO:svchost.exe
2023-03-06 14:54:41,265:INFO:mcapexe.exe
2023-03-06 14:54:41,265:INFO:AvastBrowser.exe
2023-03-06 14:54:41,265:INFO:svchost.exe
2023-03-06 14:54:41,265:INFO:Zoom.exe
2023-03-06 14:54:41,265:INFO:svchost.exe
2023-03-06 14:54:41,265:INFO:GoogleCrashHandler.exe
2023-03-06 14:54:41,278:INFO:svchost.exe
2023-03-06 14:54:41,278:INFO:McCSPServiceHost.exe
2023-03-06 14:54:41,278:INFO:audiodg.exe
2023-03-06 14:54:41,325:WARNING:this process killed sucessfully =12536
2023-03-06 14:54:41,340:INFO:McUICnt.exe
2023-03-06 14:54:41,340:INFO:CCLibrary.exe
2023-03-06 14:54:41,340:INFO:svchost.exe
2023-03-06 14:54:41,340:INFO:AvastUI.exe
2023-03-06 14:54:41,340:INFO:svchost.exe
2023-03-06 14:54:41,340:INFO:taskhostw.exe
2023-03-06 14:54:41,340:INFO:svchost.exe
2023-03-06 14:54:41,340:INFO:chrome.exe
2023-03-06 14:54:41,340:INFO:Zoom.exe
2023-03-06 14:54:41,340:INFO:svchost.exe
2023-03-06 14:54:41,340:INFO:svchost.exe
2023-03-06 14:54:41,340:INFO:Grammarly.Desktop.exe
2023-03-06 14:54:41,340:INFO:nxd.exe
2023-03-06 14:54:41,340:INFO:SgrmBroker.exe
2023-03-06 14:54:41,340:INFO:CiscoCollabHostCef.exe
2023-03-06 14:54:41,340:INFO:slack.exe
2023-03-06 14:54:41,340:INFO:svchost.exe
2023-03-06 14:54:41,340:INFO:winlogon.exe
2023-03-06 14:54:41,340:INFO:GoogleCrashHandler64.exe
2023-03-06 14:54:41,340:INFO:AvastBrowser.exe
2023-03-06 14:54:41,340:INFO:svchost.exe
2023-03-06 14:54:41,340:INFO:msedgewebview2.exe
2023-03-06 14:54:41,340:INFO:mcshield.exe
2023-03-06 14:54:41,340:INFO:svchost.exe
2023-03-06 14:54:41,340:INFO:nxnode.bin
2023-03-06 14:54:41,340:INFO:CiscoCollabHost.exe
2023-03-06 14:54:41,340:INFO:svchost.exe
2023-03-06 14:54:41,340:INFO:python.exe
2023-03-06 14:54:41,340:INFO:AvastUI.exe
2023-03-06 14:54:41,340:INFO:SecurityHealthService.exe
2023-03-06 14:54:41,340:INFO:fontdrvhost.exe
2023-03-06 14:54:41,356:INFO:svchost.exe
2023-03-06 14:54:41,356:INFO:atmgr.exe
2023-03-06 14:54:41,356:INFO:McPvTray.exe
2023-03-06 14:54:41,356:INFO:HPCommRecovery.exe
2023-03-06 14:54:41,356:INFO:conhost.exe
2023-03-06 14:54:41,356:INFO:atieclxx.exe
2023-03-06 14:54:41,356:INFO:AppVShNotify.exe
2023-03-06 14:54:41,356:INFO:slack.exe
2023-03-06 14:54:41,356:INFO:msedgewebview2.exe
2023-03-06 14:54:41,356:INFO:svchost.exe
2023-03-06 14:54:41,356:INFO:ONENOTEM.EXE
2023-03-06 14:54:41,356:INFO:svchost.exe
2023-03-06 14:54:41,356:INFO:msedge.exe
2023-03-06 14:54:41,356:INFO:OpenConsole.exe
2023-03-06 14:54:41,450:WARNING:this process killed sucessfully =18816
2023-03-06 14:54:41,450:INFO:explorer.exe
2023-03-06 14:54:41,450:INFO:svchost.exe
2023-03-06 14:54:41,450:INFO:RuntimeBroker.exe
2023-03-06 14:54:41,450:INFO:ShellExperienceHost.exe
2023-03-06 14:54:41,466:INFO:Code.exe
2023-03-06 14:54:41,466:INFO:chrome.exe
2023-03-06 14:54:41,466:INFO:AdobeIPCBroker.exe
2023-03-06 14:54:41,466:INFO:slack.exe
2023-03-06 14:54:41,466:INFO:AvastBrowser.exe
2023-03-06 14:54:41,466:INFO:McVulCtr.exe
2023-03-06 14:54:41,466:INFO:cmd.exe
2023-03-06 14:54:41,466:INFO:notepad++.exe
2023-03-06 14:54:41,466:INFO:OpenVPNConnect.exe
2023-03-06 14:54:41,466:INFO:RuntimeBroker.exe
2023-03-06 14:54:41,466:INFO:mcafee-security-ft.exe
2023-03-06 14:54:41,466:INFO:msedgewebview2.exe
2023-03-06 14:54:41,466:INFO:HPAudioSwitch.exe
2023-03-06 14:54:41,466:INFO:Creative Cloud UI Helper.exe
2023-03-06 14:54:41,466:INFO:chrome.exe
2023-03-06 14:54:41,466:INFO:conhost.exe
2023-03-06 14:54:41,466:INFO:chrome.exe
2023-03-06 14:54:41,466:INFO:msedgewebview2.exe
2023-03-06 14:54:41,466:INFO:SecurityHealthSystray.exe
2023-03-06 14:54:41,466:INFO:svchost.exe
2023-03-06 14:54:41,466:INFO:WindowsTerminal.exe
2023-03-06 14:54:41,560:WARNING:this process killed sucessfully =22748
2023-03-06 14:54:41,560:INFO:AvastBrowser.exe
2023-03-06 14:54:41,560:INFO:msteams.exe
2023-03-06 14:54:41,560:INFO:svchost.exe
2023-03-06 14:54:41,560:INFO:SystemSettingsBroker.exe
2023-03-06 14:54:41,560:INFO:RuntimeBroker.exe
2023-03-06 14:54:41,560:INFO:msedgewebview2.exe
2023-03-06 14:54:41,560:INFO:slack.exe
2023-03-06 14:54:41,560:INFO:cmd.exe
2023-03-06 14:54:41,560:INFO:conhost.exe
2023-03-06 14:54:41,560:INFO:AvastBrowser.exe
2023-03-06 14:54:41,560:INFO:dwm.exe
2023-03-06 14:54:41,560:INFO:AvastUI.exe
2023-03-06 14:54:41,575:INFO:taskhostw.exe
2023-03-06 14:54:41,575:INFO:svchost.exe
2023-03-06 14:54:41,575:INFO:WhatsApp.exe
2023-03-06 14:54:41,575:INFO:svchost.exe
2023-03-06 14:54:41,575:INFO:CoreSync.exe
2023-03-06 14:54:41,575:INFO:AvastBrowser.exe
2023-03-06 14:54:41,575:INFO:sihost.exe
2023-03-06 14:54:41,575:INFO:RuntimeBroker.exe
2023-03-06 14:54:41,575:INFO:Widgets.exe
2023-03-06 14:54:41,575:INFO:msedgewebview2.exe
2023-03-06 14:54:41,575:INFO:LockApp.exe
2023-03-06 14:54:41,575:INFO:ModuleCoreService.exe
2023-03-06 14:54:41,575:INFO:Code.exe
2023-03-06 14:54:41,575:INFO:svchost.exe
2023-03-06 14:54:41,575:INFO:msedge.exe
2023-03-06 14:54:41,575:INFO:chrome.exe
2023-03-06 14:54:41,575:INFO:RuntimeBroker.exe
2023-03-06 14:54:41,575:INFO:RuntimeBroker.exe
2023-03-06 14:54:41,575:INFO:RuntimeBroker.exe
2023-03-06 14:54:41,575:INFO:ai.exe
2023-03-06 14:54:41,575:INFO:BridgeCommunication.exe
2023-03-06 14:54:41,575:INFO:Code.exe
2023-03-06 14:54:41,575:INFO:conhost.exe
2023-03-06 14:54:41,575:INFO:csrss.exe
2023-03-06 14:54:41,575:INFO:node.exe
2023-03-06 14:54:41,575:INFO:msedge.exe
2023-03-06 14:54:41,575:INFO:svchost.exe
2023-03-06 14:54:41,575:INFO:svchost.exe
2023-03-06 14:54:41,575:INFO:CCXProcess.exe
2023-03-06 14:54:41,575:INFO:AdobeNotificationClient.exe
2023-03-06 14:54:41,575:INFO:conhost.exe
2023-03-06 14:54:41,575:INFO:AvastBrowser.exe
2023-03-06 14:54:41,575:INFO:OfficeClickToRun.exe
2023-03-06 14:54:41,575:INFO:svchost.exe
2023-03-06 14:54:41,575:INFO:OpenVPNConnect.exe
2023-03-06 14:54:41,575:INFO:RtkAudUService64.exe
2023-03-06 14:54:41,575:INFO:AvastBrowser.exe
2023-03-06 14:54:41,575:INFO:svchost.exe
2023-03-06 14:54:41,575:INFO:Microsoft.SharePoint.exe
2023-03-06 14:54:41,575:INFO:msedge.exe
2023-03-06 14:54:41,575:INFO:msedge.exe
2023-03-06 14:54:41,575:INFO:svchost.exe
2023-03-06 14:54:41,575:INFO:conhost.exe
2023-03-06 14:54:41,591:INFO:cmd.exe
2023-03-06 14:54:41,592:INFO:svchost.exe
2023-03-06 14:54:41,592:INFO:AvastBrowser.exe
2023-03-06 14:54:41,592:INFO:OpenVPNConnect.exe
2023-03-06 14:54:41,592:INFO:Code.exe
2023-03-06 14:54:41,592:INFO:Code.exe
2023-03-06 14:54:41,592:INFO:Code.exe
2023-03-06 14:54:41,592:INFO:msedge.exe
2023-03-06 14:54:41,592:INFO:OpenVPNConnect.exe
2023-03-06 14:54:41,592:INFO:smartscreen.exe
2023-03-06 14:54:41,685:WARNING:this process killed sucessfully =30680
2023-03-06 14:54:41,685:INFO:cmd.exe
2023-03-06 14:54:41,685:INFO:svchost.exe
2023-03-06 14:54:41,685:INFO:msedge.exe
2023-03-06 14:54:41,685:INFO:msedgewebview2.exe
2023-03-06 14:54:41,685:INFO:powershell.exe
2023-03-06 14:54:41,685:INFO:AvastUI.exe
2023-03-06 14:54:41,685:INFO:svchost.exe
2023-03-06 14:54:41,685:INFO:AvastNM.exe
2023-03-06 14:54:41,701:INFO:POWERPNT.EXE
2023-03-06 14:54:41,701:INFO:msedgewebview2.exe
2023-03-06 14:54:41,701:INFO:CastSrv.exe
2023-03-06 14:54:41,701:INFO:dllhost.exe
2023-03-06 14:54:41,701:INFO:SearchProtocolHost.exe
2023-03-06 14:54:41,701:INFO:conhost.exe
2023-03-06 14:54:41,701:INFO:msedge.exe
2023-03-06 14:54:41,701:INFO:AdobeCollabSync.exe
2023-03-06 14:54:41,701:INFO:conhost.exe
2023-03-06 14:54:41,701:INFO:AdobeUpdateService.exe
2023-03-06 14:54:41,701:INFO:Creative Cloud.exe
2023-03-06 14:54:41,701:INFO:RuntimeBroker.exe
2023-03-06 14:54:41,701:INFO:Code.exe
2023-03-06 14:54:41,701:INFO:svchost.exe
2023-03-06 14:54:41,701:INFO:mcafee-security.exe
2023-03-06 14:54:41,701:INFO:chrome.exe
2023-03-06 14:54:41,701:INFO:msedge.exe
2023-03-06 14:54:41,701:INFO:SearchIndexer.exe
2023-03-06 14:54:41,701:INFO:svchost.exe
2023-03-13 12:09:45,465:INFO:System Idle Process
2023-03-13 12:09:45,488:INFO:System
2023-03-13 12:09:45,512:INFO:
2023-03-13 12:09:45,537:INFO:Registry
2023-03-13 12:09:45,537:INFO:conhost.exe
2023-03-13 12:09:45,561:INFO:smss.exe
2023-03-13 12:09:45,714:WARNING:Error in kiling process =636
2023-03-13 12:09:50,093:INFO:aswEngSrv.exe
2023-03-13 12:09:50,125:INFO:csrss.exe
2023-03-13 12:09:50,125:INFO:msedgewebview2.exe
2023-03-13 12:09:50,125:INFO:Creative Cloud UI Helper.exe
2023-03-13 12:09:50,158:INFO:wininit.exe
2023-03-13 12:09:50,158:INFO:Code.exe
2023-03-13 12:09:50,182:INFO:services.exe
2023-03-13 12:09:50,214:INFO:svchost.exe
2023-03-13 12:09:50,230:INFO:LsaIso.exe
2023-03-13 12:09:50,254:INFO:lsass.exe
2023-03-13 12:09:50,286:INFO:svchost.exe
2023-03-13 12:09:50,311:INFO:fontdrvhost.exe
2023-03-13 12:09:50,343:INFO:svchost.exe
2023-03-13 12:09:50,367:INFO:svchost.exe
2023-03-13 12:09:50,367:INFO:msedge.exe
2023-03-13 12:09:50,399:INFO:svchost.exe
2023-03-13 12:09:50,423:INFO:svchost.exe
2023-03-13 12:09:50,447:INFO:svchost.exe
2023-03-13 12:09:50,471:INFO:svchost.exe
2023-03-13 12:09:50,503:INFO:svchost.exe
2023-03-13 12:09:50,528:INFO:svchost.exe
2023-03-13 12:09:50,551:INFO:svchost.exe
2023-03-13 12:09:50,575:INFO:svchost.exe
2023-03-13 12:09:50,607:INFO:svchost.exe
2023-03-13 12:09:50,632:INFO:AggregatorHost.exe
2023-03-13 12:09:50,657:INFO:svchost.exe
2023-03-13 12:09:50,657:INFO:Cortana.exe
2023-03-13 12:09:50,680:INFO:svchost.exe
2023-03-13 12:09:50,704:INFO:svchost.exe
2023-03-13 12:09:50,730:INFO:svchost.exe
2023-03-13 12:09:50,753:INFO:svchost.exe
2023-03-13 12:09:50,785:INFO:svchost.exe
2023-03-13 12:09:50,812:INFO:svchost.exe
2023-03-13 12:09:50,812:INFO:chrome.exe
2023-03-13 12:09:50,843:INFO:AppHelperCap.exe
2023-03-13 12:09:50,866:INFO:DiagsCap.exe
2023-03-13 12:09:50,882:INFO:NetworkCap.exe
2023-03-13 12:09:50,906:INFO:svchost.exe
2023-03-13 12:09:50,914:INFO:SysInfoCap.exe
2023-03-13 12:09:50,931:INFO:winlogon.exe
2023-03-13 12:09:50,946:INFO:svchost.exe
2023-03-13 12:09:50,970:INFO:svchost.exe
2023-03-13 12:09:50,987:INFO:svchost.exe
2023-03-13 12:09:51,003:INFO:svchost.exe
2023-03-13 12:09:51,019:INFO:TouchpointAnalyticsClientService.exe
2023-03-13 12:09:51,043:INFO:svchost.exe
2023-03-13 12:09:51,059:INFO:svchost.exe
2023-03-13 12:09:51,075:INFO:svchost.exe
2023-03-13 12:09:51,091:INFO:svchost.exe
2023-03-13 12:09:51,107:INFO:WUDFHost.exe
2023-03-13 12:09:51,115:INFO:svchost.exe
2023-03-13 12:09:51,139:INFO:svchost.exe
2023-03-13 12:09:51,139:INFO:RuntimeBroker.exe
2023-03-13 12:09:51,147:INFO:amdfendrsr.exe
2023-03-13 12:09:51,203:INFO:atiesrxx.exe
2023-03-13 12:09:51,235:INFO:svchost.exe
2023-03-13 12:09:51,235:INFO:msedgewebview2.exe
2023-03-13 12:09:51,251:INFO:svchost.exe
2023-03-13 12:09:51,267:INFO:svchost.exe
2023-03-13 12:09:51,267:INFO:RuntimeBroker.exe
2023-03-13 12:09:51,286:INFO:dasHost.exe
2023-03-13 12:09:51,286:INFO:node.exe
2023-03-13 12:09:51,308:INFO:svchost.exe
2023-03-13 12:09:51,316:INFO:svchost.exe
2023-03-13 12:09:51,333:INFO:svchost.exe
2023-03-13 12:09:51,348:INFO:svchost.exe
2023-03-13 12:09:51,356:INFO:wsc_proxy.exe
2023-03-13 12:09:51,372:INFO:MemCompression
2023-03-13 12:09:51,388:INFO:dasHost.exe
2023-03-13 12:09:51,388:INFO:RuntimeBroker.exe
2023-03-13 12:09:51,404:INFO:svchost.exe
2023-03-13 12:09:51,412:INFO:unsecapp.exe
2023-03-13 12:09:51,437:INFO:WmiPrvSE.exe
2023-03-13 12:09:51,444:INFO:svchost.exe
2023-03-13 12:09:51,444:INFO:svchost.exe
2023-03-13 12:09:51,468:INFO:svchost.exe
2023-03-13 12:09:51,476:INFO:svchost.exe
2023-03-13 12:09:51,501:INFO:GoogleCrashHandler.exe
2023-03-13 12:09:51,513:INFO:svchost.exe
2023-03-13 12:09:51,525:INFO:svchost.exe
2023-03-13 12:09:51,541:INFO:svchost.exe
2023-03-13 12:09:51,549:INFO:svchost.exe
2023-03-13 12:09:51,557:INFO:svchost.exe
2023-03-13 12:09:51,573:INFO:SgrmBroker.exe
2023-03-13 12:09:51,581:INFO:svchost.exe
2023-03-13 12:09:51,605:INFO:AvastSvc.exe
2023-03-13 12:09:51,620:INFO:atieclxx.exe
2023-03-13 12:09:51,645:INFO:svchost.exe
2023-03-13 12:09:51,653:INFO:HPAudioSwitch.exe
2023-03-13 12:09:51,678:INFO:svchost.exe
2023-03-13 12:09:51,705:INFO:aswToolsSvc.exe
2023-03-13 12:09:51,726:INFO:spoolsv.exe
2023-03-13 12:09:51,758:INFO:svchost.exe
2023-03-13 12:09:51,758:INFO:acrotray.exe
2023-03-13 12:09:53,550:INFO:svchost.exe
2023-03-13 12:09:53,574:INFO:svchost.exe
2023-03-13 12:09:53,623:INFO:svchost.exe
2023-03-13 12:09:53,647:INFO:svchost.exe
2023-03-13 12:09:53,663:INFO:svchost.exe
2023-03-13 12:09:53,679:INFO:svchost.exe
2023-03-13 12:09:53,695:INFO:svchost.exe
2023-03-13 12:09:53,711:INFO:afwServ.exe
2023-03-13 12:09:53,711:INFO:msedgewebview2.exe
2023-03-13 12:09:53,727:INFO:VpnSvc.exe
2023-03-13 12:09:53,743:INFO:armsvc.exe
2023-03-13 12:09:53,743:INFO:agent_ovpnconnect_1647517251935.exe
2023-03-13 12:09:53,759:INFO:svchost.exe
2023-03-13 12:09:53,775:INFO:svchost.exe
2023-03-13 12:09:53,783:INFO:AGSService.exe
2023-03-13 12:09:53,799:INFO:AdobeUpdateService.exe
2023-03-13 12:09:53,816:INFO:AGMService.exe
2023-03-13 12:09:53,831:INFO:DriverUpdSvc.exe
2023-03-13 12:09:53,847:INFO:horizon_client_service.exe
2023-03-13 12:09:53,864:INFO:OfficeClickToRun.exe
2023-03-13 12:09:53,880:INFO:TuneupSvc.exe
2023-03-13 12:09:53,896:INFO:ftscanmgrhv.exe
2023-03-13 12:09:53,916:INFO:ETDService.exe
2023-03-13 12:09:53,916:INFO:ModuleCoreService.exe
2023-03-13 12:09:53,916:INFO:RuntimeBroker.exe
2023-03-13 12:09:53,928:INFO:svchost.exe
2023-03-13 12:09:53,944:INFO:mfemms.exe
2023-03-13 12:09:53,952:INFO:mysqld.exe
2023-03-13 12:09:53,969:INFO:ModuleCoreService.exe
2023-03-13 12:09:53,984:INFO:nxservice64.exe
2023-03-13 12:09:53,984:INFO:ovpnhelper_service.exe
2023-03-13 12:09:54,001:INFO:PEFService.exe
2023-03-13 12:09:54,016:INFO:svchost.exe
2023-03-13 12:09:54,033:INFO:RtkAudUService64.exe
2023-03-13 12:09:54,041:INFO:RtkBtManServ.exe
2023-03-13 12:09:54,057:INFO:SECOMN64.exe
2023-03-13 12:09:54,073:INFO:nessus-service.exe
2023-03-13 12:09:54,089:INFO:svchost.exe
2023-03-13 12:09:54,105:INFO:vmwsprrdpwks.exe
2023-03-13 12:09:54,117:INFO:WildTangentHelperService.exe
2023-03-13 12:09:54,137:INFO:vmware-usbarbitrator64.exe
2023-03-13 12:09:54,153:INFO:svchost.exe
2023-03-13 12:09:54,153:INFO:Code.exe
2023-03-13 12:09:54,161:INFO:CCLibrary.exe
2023-03-13 12:09:54,185:INFO:mysqld.exe
2023-03-13 12:09:54,209:INFO:nessusd.exe
2023-03-13 12:09:54,233:INFO:conhost.exe
2023-03-13 12:09:54,257:INFO:fontdrvhost.exe
2023-03-13 12:09:54,258:INFO:msedge.exe
2023-03-13 12:09:54,282:INFO:svchost.exe
2023-03-13 12:09:54,298:INFO:aswidsagent.exe
2023-03-13 12:09:54,331:INFO:svchost.exe
2023-03-13 12:09:54,354:INFO:conhost.exe
2023-03-13 12:09:54,354:INFO:msedge.exe
2023-03-13 12:09:54,386:INFO:nxd.exe
2023-03-13 12:09:54,411:INFO:svchost.exe
2023-03-13 12:09:54,435:INFO:MMSSHOST.exe
2023-03-13 12:09:54,467:INFO:nxserver.bin
2023-03-13 12:09:54,491:INFO:mfevtps.exe
2023-03-13 12:09:54,517:INFO:svchost.exe
2023-03-13 12:09:54,540:INFO:conhost.exe
2023-03-13 12:09:54,540:INFO:svchost.exe
2023-03-13 12:09:54,571:INFO:ProtectedModuleHost.exe
2023-03-13 12:09:54,588:INFO:svchost.exe
2023-03-13 12:09:54,588:INFO:Acrobat.exe
2023-03-13 12:09:57,441:WARNING:this process killed sucessfully =10452
2023-03-13 12:09:58,100:INFO:chrome.exe
2023-03-13 12:09:58,100:INFO:CastSrv.exe
2023-03-13 12:09:58,100:INFO:CiscoCollabHost.exe
2023-03-13 12:09:58,100:INFO:Creative Cloud.exe
2023-03-13 12:09:58,100:INFO:svchost.exe
2023-03-13 12:09:58,100:INFO:BridgeCommunication.exe
2023-03-13 12:09:58,108:INFO:ModuleCoreService.exe
2023-03-13 12:09:58,126:INFO:conhost.exe
2023-03-13 12:09:58,140:INFO:svchost.exe
2023-03-13 12:09:58,140:INFO:svchost.exe
2023-03-13 12:09:58,140:INFO:chrome.exe
2023-03-13 12:09:58,164:INFO:McCSPServiceHost.exe
2023-03-13 12:09:58,164:INFO:slack.exe
2023-03-13 12:09:58,164:INFO:msedgewebview2.exe
2023-03-13 12:09:58,164:INFO:HP.JumpStarts.exe
2023-03-13 12:09:58,164:INFO:SearchHost.exe
2023-03-13 12:09:58,164:INFO:Adobe Desktop Service.exe
2023-03-13 12:09:58,164:INFO:RuntimeBroker.exe
2023-03-13 12:09:58,164:INFO:Teams.exe
2023-03-13 12:10:01,099:WARNING:this process killed sucessfully =13024
2023-03-13 12:10:01,492:WARNING:this process killed sucessfully =16128
2023-03-13 12:10:01,725:WARNING:this process killed sucessfully =18020
2023-03-13 12:10:01,766:WARNING:this process killed sucessfully =19112
2023-03-13 12:10:01,822:WARNING:this process killed sucessfully =19984
2023-03-13 12:10:02,095:WARNING:this process killed sucessfully =27636
2023-03-13 12:10:02,143:WARNING:this process killed sucessfully =29252
2023-03-13 12:10:02,223:INFO:Creative Cloud UI Helper.exe
2023-03-13 12:10:02,223:INFO:Code.exe
2023-03-13 12:10:02,248:INFO:svchost.exe
2023-03-13 12:10:02,273:INFO:svchost.exe
2023-03-13 12:10:02,288:INFO:SearchIndexer.exe
2023-03-13 12:10:02,288:INFO:WidgetService.exe
2023-03-13 12:10:05,049:WARNING:this process killed sucessfully =13812
2023-03-13 12:10:05,667:INFO:svchost.exe
2023-03-13 12:10:05,683:INFO:mcapexe.exe
2023-03-13 12:10:05,683:INFO:svchost.exe
2023-03-13 12:10:05,683:INFO:HPSystemEventUtilityHost.exe
2023-03-13 12:10:05,699:INFO:TouchpointGpuInfo.exe
2023-03-13 12:10:05,707:INFO:svchost.exe
2023-03-13 12:10:05,723:INFO:svchost.exe
2023-03-13 12:10:05,723:INFO:node.exe
2023-03-13 12:10:05,731:INFO:chrome.exe
2023-03-13 12:10:05,731:INFO:McPvTray.exe
2023-03-13 12:10:05,731:INFO:slack.exe
2023-03-13 12:10:05,742:INFO:HPCommRecovery.exe
2023-03-13 12:10:05,742:INFO:Code.exe
2023-03-13 12:10:05,742:INFO:StartMenuExperienceHost.exe
2023-03-13 12:10:05,742:INFO:CoreSync.exe
2023-03-13 12:10:05,763:INFO:GoogleCrashHandler64.exe
2023-03-13 12:10:05,763:INFO:msedge.exe
2023-03-13 12:10:05,763:INFO:smartscreen.exe
2023-03-13 12:10:08,857:WARNING:this process killed sucessfully =15548
2023-03-13 12:10:09,452:INFO:slack.exe
2023-03-13 12:10:09,452:INFO:msedge.exe
2023-03-13 12:10:09,452:INFO:taskhostw.exe
2023-03-13 12:10:09,452:INFO:OneDrive.exe
2023-03-13 12:10:09,452:INFO:chrome.exe
2023-03-13 12:10:09,452:INFO:Code.exe
2023-03-13 12:10:09,452:INFO:AvastUI.exe
2023-03-13 12:10:09,452:INFO:OpenVPNConnect.exe
2023-03-13 12:10:09,468:INFO:SecurityHealthService.exe
2023-03-13 12:10:09,476:INFO:svchost.exe
2023-03-13 12:10:09,492:INFO:svchost.exe
2023-03-13 12:10:09,501:INFO:setup.exe
2023-03-13 12:10:12,214:WARNING:Error in kiling process =16472
2023-03-13 12:10:12,714:INFO:Code.exe
2023-03-13 12:10:12,730:INFO:svchost.exe
2023-03-13 12:10:12,730:INFO:chrome.exe
2023-03-13 12:10:12,730:INFO:python.exe
2023-03-13 12:10:12,730:INFO:svchost.exe
2023-03-13 12:10:12,754:INFO:svchost.exe
2023-03-13 12:10:12,754:INFO:ctfmon.exe
2023-03-13 12:10:12,754:INFO:conhost.exe
2023-03-13 12:10:12,754:INFO:ETDCtrl.exe
2023-03-13 12:10:12,754:INFO:mcshield.exe
2023-03-13 12:10:12,770:INFO:MfeAVSvc.exe
2023-03-13 12:10:12,770:INFO:msedgewebview2.exe
2023-03-13 12:10:12,770:INFO:Code.exe
2023-03-13 12:10:12,794:INFO:svchost.exe
2023-03-13 12:10:12,818:INFO:svchost.exe
2023-03-13 12:10:12,818:INFO:msedgewebview2.exe
2023-03-13 12:10:12,818:INFO:msedge.exe
2023-03-13 12:10:12,818:INFO:chrome.exe
2023-03-13 12:10:12,818:INFO:chrome.exe
2023-03-13 12:10:12,843:INFO:WmiPrvSE.exe
2023-03-13 12:10:12,843:INFO:AdobeIPCBroker.exe
2023-03-13 12:10:12,843:INFO:McUICnt.exe
2023-03-13 12:10:12,866:INFO:svchost.exe
2023-03-13 12:10:12,866:INFO:SecurityHealthSystray.exe
2023-03-13 12:10:12,866:INFO:AvastUI.exe
2023-03-13 12:10:12,866:INFO:Code.exe
2023-03-13 12:10:12,866:INFO:msedge.exe
2023-03-13 12:10:12,866:INFO:Code.exe
2023-03-13 12:10:12,866:INFO:audiodg.exe
2023-03-13 12:10:17,324:WARNING:Error in kiling process =21036
2023-03-13 12:10:17,757:INFO:atmgr.exe
2023-03-13 12:10:17,782:INFO:svchost.exe
2023-03-13 12:10:17,782:INFO:conhost.exe
2023-03-13 12:10:17,782:INFO:Grammarly.Desktop.exe
2023-03-13 12:10:17,782:INFO:TextInputHost.exe
2023-03-13 12:10:17,782:INFO:ShellExperienceHost.exe
2023-03-13 12:10:17,790:INFO:OpenVPNConnect.exe
2023-03-13 12:10:17,790:INFO:nxclient.bin
2023-03-13 12:10:17,790:INFO:mcafee-security-ft.exe
2023-03-13 12:10:17,790:INFO:dllhost.exe
2023-03-13 12:10:17,790:INFO:ONENOTEM.EXE
2023-03-13 12:10:17,837:INFO:svchost.exe
2023-03-13 12:10:17,837:INFO:mcafee-security.exe
2023-03-13 12:10:17,837:INFO:msedgewebview2.exe
2023-03-13 12:10:17,861:INFO:svchost.exe
2023-03-13 12:10:17,868:INFO:chrome.exe
2023-03-13 12:10:17,892:INFO:dwm.exe
2023-03-13 12:10:17,916:INFO:svchost.exe
2023-03-13 12:10:17,916:INFO:BridgeCommunication.exe
2023-03-13 12:10:17,916:INFO:OpenVPNConnect.exe
2023-03-13 12:10:17,941:INFO:svchost.exe
2023-03-13 12:10:17,964:INFO:SearchProtocolHost.exe
2023-03-13 12:10:17,989:INFO:nxnode.bin
2023-03-13 12:10:17,989:INFO:powershell.exe
2023-03-13 12:10:17,989:INFO:msedgewebview2.exe
2023-03-13 12:10:17,996:INFO:chrome.exe
2023-03-13 12:10:17,996:INFO:chrome.exe
2023-03-13 12:10:17,996:INFO:RuntimeBroker.exe
2023-03-13 12:10:17,996:INFO:RtkAudUService64.exe
2023-03-13 12:10:17,996:INFO:SystemSettingsBroker.exe
2023-03-13 12:10:17,996:INFO:msteams.exe
2023-03-13 12:10:17,996:INFO:msedgewebview2.exe
2023-03-13 12:10:17,996:INFO:Widgets.exe
2023-03-13 12:10:17,996:INFO:CCXProcess.exe
2023-03-13 12:10:17,996:INFO:WebexHost.exe
2023-03-13 12:10:18,005:INFO:RuntimeBroker.exe
2023-03-13 12:10:18,005:INFO:chrome.exe
2023-03-13 12:10:18,005:INFO:AvastUI.exe
2023-03-13 12:10:18,005:INFO:svchost.exe
2023-03-13 12:10:18,005:INFO:CiscoCollabHostCef.exe
2023-03-13 12:10:18,005:INFO:AdobeCollabSync.exe
2023-03-13 12:10:18,005:INFO:svchost.exe
2023-03-13 12:10:18,005:INFO:msedgewebview2.exe
2023-03-13 12:10:18,005:INFO:slack.exe
2023-03-13 12:10:18,061:INFO:csrss.exe
2023-03-13 12:10:18,061:INFO:CiscoCollabHostCef.exe
2023-03-13 12:10:18,085:INFO:chrome.exe
2023-03-13 12:10:18,141:INFO:svchost.exe
2023-03-13 12:10:18,141:INFO:msedgewebview2.exe
2023-03-13 12:10:18,141:INFO:slack.exe
2023-03-13 12:10:18,141:INFO:chrome.exe
2023-03-13 12:10:18,141:INFO:OneDrive.exe
2023-03-13 12:10:18,141:INFO:RuntimeBroker.exe
2023-03-13 12:10:18,141:INFO:conhost.exe
2023-03-13 12:10:18,149:INFO:AdobeNotificationClient.exe
2023-03-13 12:10:18,149:INFO:explorer.exe
2023-03-13 12:10:18,149:INFO:chrome.exe
2023-03-13 12:10:18,149:INFO:RuntimeBroker.exe
2023-03-13 12:10:18,149:INFO:RuntimeBroker.exe
2023-03-13 12:10:18,149:INFO:Code.exe
2023-03-13 12:10:18,221:INFO:svchost.exe
2023-03-13 12:10:18,221:INFO:OpenVPNConnect.exe
2023-03-13 12:10:18,318:INFO:TouchpointAnalyticsClient.exe
2023-03-13 12:10:22,882:WARNING:Error in kiling process =29616
2023-03-13 12:10:22,922:INFO:svchost.exe
2023-03-13 12:10:22,922:INFO:AvastUI.exe
2023-03-13 12:10:22,922:INFO:WhatsApp.exe
2023-03-13 12:10:22,922:INFO:chrome.exe
2023-03-13 12:10:22,930:INFO:AdobeCollabSync.exe
2023-03-13 12:10:22,930:INFO:slack.exe
2023-03-13 12:10:22,930:INFO:sihost.exe
2023-03-13 12:10:22,930:INFO:msedgewebview2.exe
2023-03-13 13:07:52,982:INFO:System Idle Process
2023-03-13 13:07:52,990:INFO:System
2023-03-13 13:07:53,006:INFO:
2023-03-13 13:07:53,014:INFO:Registry
2023-03-13 13:07:53,014:INFO:conhost.exe
2023-03-13 13:07:53,030:INFO:smss.exe
2023-03-13 13:07:53,094:WARNING:Error in kiling process =636
2023-03-13 13:07:56,321:INFO:aswEngSrv.exe
2023-03-13 13:07:56,337:INFO:csrss.exe
2023-03-13 13:07:56,337:INFO:msedgewebview2.exe
2023-03-13 13:07:56,337:INFO:Creative Cloud UI Helper.exe
2023-03-13 13:07:56,353:INFO:wininit.exe
2023-03-13 13:07:56,361:INFO:Code.exe
2023-03-13 13:07:56,385:INFO:services.exe
2023-03-13 13:07:56,401:INFO:svchost.exe
2023-03-13 13:07:56,417:INFO:LsaIso.exe
2023-03-13 13:07:56,441:INFO:lsass.exe
2023-03-13 13:07:56,465:INFO:svchost.exe
2023-03-13 13:07:56,481:INFO:fontdrvhost.exe
2023-03-13 13:07:56,505:INFO:svchost.exe
2023-03-13 13:07:56,522:INFO:svchost.exe
2023-03-13 13:07:56,537:INFO:svchost.exe
2023-03-13 13:07:56,553:INFO:svchost.exe
2023-03-13 13:07:56,577:INFO:svchost.exe
2023-03-13 13:07:56,593:INFO:svchost.exe
2023-03-13 13:07:56,609:INFO:svchost.exe
2023-03-13 13:07:56,649:INFO:svchost.exe
2023-03-13 13:07:56,673:INFO:svchost.exe
2023-03-13 13:07:56,689:INFO:svchost.exe
2023-03-13 13:07:56,705:INFO:AggregatorHost.exe
2023-03-13 13:07:56,729:INFO:svchost.exe
2023-03-13 13:07:56,729:INFO:Cortana.exe
2023-03-13 13:07:56,745:INFO:svchost.exe
2023-03-13 13:07:56,769:INFO:svchost.exe
2023-03-13 13:07:56,785:INFO:svchost.exe
2023-03-13 13:07:56,809:INFO:svchost.exe
2023-03-13 13:07:56,825:INFO:svchost.exe
2023-03-13 13:07:56,849:INFO:svchost.exe
2023-03-13 13:07:56,849:INFO:chrome.exe
2023-03-13 13:07:56,865:INFO:AppHelperCap.exe
2023-03-13 13:07:56,889:INFO:DiagsCap.exe
2023-03-13 13:07:56,905:INFO:NetworkCap.exe
2023-03-13 13:07:56,914:INFO:svchost.exe
2023-03-13 13:07:56,921:INFO:SysInfoCap.exe
2023-03-13 13:07:56,937:INFO:winlogon.exe
2023-03-13 13:07:56,945:INFO:svchost.exe
2023-03-13 13:07:56,953:INFO:svchost.exe
2023-03-13 13:07:56,969:INFO:svchost.exe
2023-03-13 13:07:56,977:INFO:svchost.exe
2023-03-13 13:07:56,993:INFO:TouchpointAnalyticsClientService.exe
2023-03-13 13:07:57,001:INFO:svchost.exe
2023-03-13 13:07:57,009:INFO:svchost.exe
2023-03-13 13:07:57,025:INFO:svchost.exe
2023-03-13 13:07:57,041:INFO:svchost.exe
2023-03-13 13:07:57,049:INFO:WUDFHost.exe
2023-03-13 13:07:57,065:INFO:svchost.exe
2023-03-13 13:07:57,073:INFO:svchost.exe
2023-03-13 13:07:57,073:INFO:RuntimeBroker.exe
2023-03-13 13:07:57,081:INFO:amdfendrsr.exe
2023-03-13 13:07:57,106:INFO:atiesrxx.exe
2023-03-13 13:07:57,122:INFO:svchost.exe
2023-03-13 13:07:57,122:INFO:msedgewebview2.exe
2023-03-13 13:07:57,138:INFO:svchost.exe
2023-03-13 13:07:57,162:INFO:svchost.exe
2023-03-13 13:07:57,162:INFO:RuntimeBroker.exe
2023-03-13 13:07:57,178:INFO:dasHost.exe
2023-03-13 13:07:57,178:INFO:node.exe
2023-03-13 13:07:57,202:INFO:svchost.exe
2023-03-13 13:07:57,218:INFO:svchost.exe
2023-03-13 13:07:57,242:INFO:svchost.exe
2023-03-13 13:07:57,258:INFO:svchost.exe
2023-03-13 13:07:57,282:INFO:wsc_proxy.exe
2023-03-13 13:07:57,298:INFO:MemCompression
2023-03-13 13:07:57,314:INFO:dasHost.exe
2023-03-13 13:07:57,338:INFO:svchost.exe
2023-03-13 13:07:57,354:INFO:unsecapp.exe
2023-03-13 13:07:57,378:INFO:WmiPrvSE.exe
2023-03-13 13:07:57,403:INFO:svchost.exe
2023-03-13 13:07:57,403:INFO:svchost.exe
2023-03-13 13:07:57,418:INFO:svchost.exe
2023-03-13 13:07:57,442:INFO:svchost.exe
2023-03-13 13:07:57,459:INFO:GoogleCrashHandler.exe
2023-03-13 13:07:57,474:INFO:svchost.exe
2023-03-13 13:07:57,498:INFO:svchost.exe
2023-03-13 13:07:57,514:INFO:svchost.exe
2023-03-13 13:07:57,530:INFO:svchost.exe
2023-03-13 13:07:57,554:INFO:svchost.exe
2023-03-13 13:07:57,554:INFO:svchost.exe
2023-03-13 13:07:57,578:INFO:SgrmBroker.exe
2023-03-13 13:07:57,594:INFO:svchost.exe
2023-03-13 13:07:57,618:INFO:AvastSvc.exe
2023-03-13 13:07:57,642:INFO:atieclxx.exe
2023-03-13 13:07:57,667:INFO:svchost.exe
2023-03-13 13:07:57,667:INFO:HPAudioSwitch.exe
2023-03-13 13:07:57,682:INFO:svchost.exe
2023-03-13 13:07:57,706:INFO:aswToolsSvc.exe
2023-03-13 13:07:57,722:INFO:spoolsv.exe
2023-03-13 13:07:57,746:INFO:svchost.exe
2023-03-13 13:07:57,762:INFO:svchost.exe
2023-03-13 13:07:57,778:INFO:svchost.exe
2023-03-13 13:07:57,802:INFO:svchost.exe
2023-03-13 13:07:57,818:INFO:svchost.exe
2023-03-13 13:07:57,842:INFO:svchost.exe
2023-03-13 13:07:57,858:INFO:afwServ.exe
2023-03-13 13:07:57,858:INFO:msedgewebview2.exe
2023-03-13 13:07:57,874:INFO:VpnSvc.exe
2023-03-13 13:07:57,882:INFO:armsvc.exe
2023-03-13 13:07:57,882:INFO:agent_ovpnconnect_1647517251935.exe
2023-03-13 13:07:57,898:INFO:svchost.exe
2023-03-13 13:07:57,906:INFO:svchost.exe
2023-03-13 13:07:57,914:INFO:AGSService.exe
2023-03-13 13:07:57,930:INFO:AdobeUpdateService.exe
2023-03-13 13:07:57,946:INFO:AGMService.exe
2023-03-13 13:07:57,954:INFO:DriverUpdSvc.exe
2023-03-13 13:07:57,962:INFO:horizon_client_service.exe
2023-03-13 13:07:57,978:INFO:OfficeClickToRun.exe
2023-03-13 13:07:57,986:INFO:TuneupSvc.exe
2023-03-13 13:07:58,002:INFO:ftscanmgrhv.exe
2023-03-13 13:07:58,010:INFO:ETDService.exe
2023-03-13 13:07:58,010:INFO:ModuleCoreService.exe
2023-03-13 13:07:58,010:INFO:RuntimeBroker.exe
2023-03-13 13:07:58,018:INFO:svchost.exe
2023-03-13 13:07:58,034:INFO:mfemms.exe
2023-03-13 13:07:58,042:INFO:mysqld.exe
2023-03-13 13:07:58,058:INFO:ModuleCoreService.exe
2023-03-13 13:07:58,066:INFO:nxservice64.exe
2023-03-13 13:07:58,066:INFO:ovpnhelper_service.exe
2023-03-13 13:07:58,082:INFO:PEFService.exe
2023-03-13 13:07:58,106:INFO:svchost.exe
2023-03-13 13:07:58,122:INFO:RtkAudUService64.exe
2023-03-13 13:07:58,146:INFO:RtkBtManServ.exe
2023-03-13 13:07:58,187:INFO:SECOMN64.exe
2023-03-13 13:07:58,211:INFO:nessus-service.exe
2023-03-13 13:07:58,235:INFO:svchost.exe
2023-03-13 13:07:58,251:INFO:vmwsprrdpwks.exe
2023-03-13 13:07:58,275:INFO:WildTangentHelperService.exe
2023-03-13 13:07:58,315:INFO:vmware-usbarbitrator64.exe
2023-03-13 13:07:58,435:INFO:svchost.exe
2023-03-13 13:07:58,435:INFO:Code.exe
2023-03-13 13:07:58,459:INFO:QcShm.exe
2023-03-13 13:07:58,459:INFO:CCLibrary.exe
2023-03-13 13:07:58,483:INFO:mysqld.exe
2023-03-13 13:07:58,507:INFO:nessusd.exe
2023-03-13 13:07:58,523:INFO:conhost.exe
2023-03-13 13:07:58,531:INFO:fontdrvhost.exe
2023-03-13 13:07:58,547:INFO:svchost.exe
2023-03-13 13:07:58,556:INFO:aswidsagent.exe
2023-03-13 13:07:58,564:INFO:svchost.exe
2023-03-13 13:07:58,580:INFO:conhost.exe
2023-03-13 13:07:58,588:INFO:nxd.exe
2023-03-13 13:07:58,604:INFO:svchost.exe
2023-03-13 13:07:58,676:INFO:MMSSHOST.exe
2023-03-13 13:07:58,703:INFO:nxserver.bin
2023-03-13 13:07:58,732:INFO:mfevtps.exe
2023-03-13 13:07:58,748:INFO:svchost.exe
2023-03-13 13:07:58,764:INFO:conhost.exe
2023-03-13 13:07:58,764:INFO:svchost.exe
2023-03-13 13:07:58,780:INFO:ProtectedModuleHost.exe
2023-03-13 13:07:58,788:INFO:svchost.exe
2023-03-13 13:07:58,788:INFO:msedge.exe
2023-03-13 13:07:58,796:INFO:chrome.exe
2023-03-13 13:07:58,796:INFO:CastSrv.exe
2023-03-13 13:07:58,796:INFO:CiscoCollabHost.exe
2023-03-13 13:07:58,796:INFO:Creative Cloud.exe
2023-03-13 13:07:58,796:INFO:svchost.exe
2023-03-13 13:07:58,796:INFO:BridgeCommunication.exe
2023-03-13 13:07:58,812:INFO:ModuleCoreService.exe
2023-03-13 13:07:58,820:INFO:conhost.exe
2023-03-13 13:07:58,836:INFO:svchost.exe
2023-03-13 13:07:58,836:INFO:svchost.exe
2023-03-13 13:07:58,844:INFO:McCSPServiceHost.exe
2023-03-13 13:07:58,844:INFO:slack.exe
2023-03-13 13:07:58,844:INFO:msedgewebview2.exe
2023-03-13 13:07:58,844:INFO:HP.JumpStarts.exe
2023-03-13 13:07:58,844:INFO:SearchHost.exe
2023-03-13 13:07:58,844:INFO:Adobe Desktop Service.exe
2023-03-13 13:07:58,844:INFO:RuntimeBroker.exe
2023-03-13 13:07:58,844:INFO:Creative Cloud UI Helper.exe
2023-03-13 13:07:58,844:INFO:Code.exe
2023-03-13 13:07:58,852:INFO:svchost.exe
2023-03-13 13:07:58,869:INFO:svchost.exe
2023-03-13 13:07:58,877:INFO:SearchIndexer.exe
2023-03-13 13:07:58,885:INFO:svchost.exe
2023-03-13 13:07:58,901:INFO:svchost.exe
2023-03-13 13:07:58,909:INFO:mcapexe.exe
2023-03-13 13:07:58,909:INFO:svchost.exe
2023-03-13 13:07:58,909:INFO:msedge.exe
2023-03-13 13:07:58,909:INFO:HPSystemEventUtilityHost.exe
2023-03-13 13:07:58,925:INFO:TouchpointGpuInfo.exe
2023-03-13 13:07:58,933:INFO:svchost.exe
2023-03-13 13:07:58,941:INFO:svchost.exe
2023-03-13 13:07:58,941:INFO:node.exe
2023-03-13 13:07:58,941:INFO:chrome.exe
2023-03-13 13:07:58,941:INFO:McPvTray.exe
2023-03-13 13:07:58,941:INFO:slack.exe
2023-03-13 13:07:58,957:INFO:HPCommRecovery.exe
2023-03-13 13:07:58,957:INFO:Code.exe
2023-03-13 13:07:58,965:INFO:StartMenuExperienceHost.exe
2023-03-13 13:07:58,965:INFO:CoreSync.exe
2023-03-13 13:07:58,973:INFO:GoogleCrashHandler64.exe
2023-03-13 13:07:58,981:INFO:BridgeCommunication.exe
2023-03-13 13:07:58,981:INFO:slack.exe
2023-03-13 13:07:58,981:INFO:python.exe
2023-03-13 13:07:58,981:INFO:taskhostw.exe
2023-03-13 13:07:58,981:INFO:OneDrive.exe
2023-03-13 13:07:58,981:INFO:chrome.exe
2023-03-13 13:07:58,981:INFO:Code.exe
2023-03-13 13:07:58,981:INFO:AvastUI.exe
2023-03-13 13:07:58,981:INFO:OpenVPNConnect.exe
2023-03-13 13:07:58,997:INFO:SecurityHealthService.exe
2023-03-13 13:07:59,013:INFO:svchost.exe
2023-03-13 13:07:59,037:INFO:svchost.exe
2023-03-13 13:07:59,037:INFO:Code.exe
2023-03-13 13:07:59,037:INFO:svchost.exe
2023-03-13 13:07:59,053:INFO:svchost.exe
2023-03-13 13:07:59,053:INFO:ctfmon.exe
2023-03-13 13:07:59,053:INFO:conhost.exe
2023-03-13 13:07:59,053:INFO:ETDCtrl.exe
2023-03-13 13:07:59,053:INFO:mcshield.exe
2023-03-13 13:07:59,077:INFO:MfeAVSvc.exe
2023-03-13 13:07:59,077:INFO:msedgewebview2.exe
2023-03-13 13:07:59,077:INFO:Code.exe
2023-03-13 13:07:59,093:INFO:svchost.exe
2023-03-13 13:07:59,109:INFO:svchost.exe
2023-03-13 13:07:59,109:INFO:msedgewebview2.exe
2023-03-13 13:07:59,109:INFO:chrome.exe
2023-03-13 13:07:59,109:INFO:chrome.exe
2023-03-13 13:07:59,109:INFO:AdobeIPCBroker.exe
2023-03-13 13:07:59,109:INFO:McUICnt.exe
2023-03-13 13:07:59,133:INFO:svchost.exe
2023-03-13 13:07:59,133:INFO:taskhostw.exe
2023-03-13 13:07:59,133:INFO:SecurityHealthSystray.exe
2023-03-13 13:07:59,133:INFO:AvastUI.exe
2023-03-13 13:07:59,133:INFO:Code.exe
2023-03-13 13:07:59,133:INFO:Code.exe
2023-03-13 13:07:59,141:INFO:atmgr.exe
2023-03-13 13:07:59,157:INFO:svchost.exe
2023-03-13 13:07:59,157:INFO:conhost.exe
2023-03-13 13:07:59,173:INFO:svchost.exe
2023-03-13 13:07:59,173:INFO:msedge.exe
2023-03-13 13:07:59,173:INFO:Grammarly.Desktop.exe
2023-03-13 13:07:59,173:INFO:TextInputHost.exe
2023-03-13 13:07:59,173:INFO:ShellExperienceHost.exe
2023-03-13 13:07:59,173:INFO:OpenVPNConnect.exe
2023-03-13 13:07:59,173:INFO:nxclient.bin
2023-03-13 13:07:59,173:INFO:mcafee-security-ft.exe
2023-03-13 13:07:59,173:INFO:msedge.exe
2023-03-13 13:07:59,173:INFO:msedge.exe
2023-03-13 13:07:59,181:INFO:dllhost.exe
2023-03-13 13:07:59,181:INFO:ONENOTEM.EXE
2023-03-13 13:07:59,197:INFO:svchost.exe
2023-03-13 13:07:59,197:INFO:mcafee-security.exe
2023-03-13 13:07:59,197:INFO:msedgewebview2.exe
2023-03-13 13:07:59,197:INFO:msedge.exe
2023-03-13 13:07:59,197:INFO:chrome.exe
2023-03-13 13:07:59,221:INFO:dwm.exe
2023-03-13 13:07:59,237:INFO:svchost.exe
2023-03-13 13:07:59,237:INFO:OpenVPNConnect.exe
2023-03-13 13:07:59,253:INFO:nxnode.bin
2023-03-13 13:07:59,253:INFO:powershell.exe
2023-03-13 13:07:59,253:INFO:msedgewebview2.exe
2023-03-13 13:07:59,253:INFO:chrome.exe
2023-03-13 13:07:59,253:INFO:chrome.exe
2023-03-13 13:07:59,253:INFO:RuntimeBroker.exe
2023-03-13 13:07:59,253:INFO:RtkAudUService64.exe
2023-03-13 13:07:59,253:INFO:SystemSettingsBroker.exe
2023-03-13 13:07:59,253:INFO:msteams.exe
2023-03-13 13:07:59,253:INFO:msedgewebview2.exe
2023-03-13 13:07:59,253:INFO:Widgets.exe
2023-03-13 13:07:59,261:INFO:CCXProcess.exe
2023-03-13 13:07:59,261:INFO:WebexHost.exe
2023-03-13 13:07:59,261:INFO:RuntimeBroker.exe
2023-03-13 13:07:59,261:INFO:AvastUI.exe
2023-03-13 13:07:59,261:INFO:svchost.exe
2023-03-13 13:07:59,261:INFO:CiscoCollabHostCef.exe
2023-03-13 13:07:59,261:INFO:AdobeCollabSync.exe
2023-03-13 13:07:59,261:INFO:svchost.exe
2023-03-13 13:07:59,261:INFO:msedgewebview2.exe
2023-03-13 13:07:59,261:INFO:slack.exe
2023-03-13 13:07:59,277:INFO:csrss.exe
2023-03-13 13:07:59,277:INFO:CiscoCollabHostCef.exe
2023-03-13 13:07:59,277:INFO:chrome.exe
2023-03-13 13:07:59,301:INFO:svchost.exe
2023-03-13 13:07:59,301:INFO:msedgewebview2.exe
2023-03-13 13:07:59,301:INFO:slack.exe
2023-03-13 13:07:59,301:INFO:chrome.exe
2023-03-13 13:07:59,301:INFO:OneDrive.exe
2023-03-13 13:07:59,301:INFO:RuntimeBroker.exe
2023-03-13 13:07:59,301:INFO:conhost.exe
2023-03-13 13:07:59,325:INFO:svchost.exe
2023-03-13 13:07:59,325:INFO:AdobeNotificationClient.exe
2023-03-13 13:07:59,325:INFO:explorer.exe
2023-03-13 13:07:59,325:INFO:chrome.exe
2023-03-13 13:07:59,325:INFO:RuntimeBroker.exe
2023-03-13 13:07:59,325:INFO:RuntimeBroker.exe
2023-03-13 13:07:59,325:INFO:Code.exe
2023-03-13 13:07:59,325:INFO:msedge.exe
2023-03-13 13:07:59,349:INFO:svchost.exe
2023-03-13 13:07:59,349:INFO:OpenVPNConnect.exe
2023-03-13 13:07:59,373:INFO:svchost.exe
2023-03-13 13:07:59,373:INFO:AvastUI.exe
2023-03-13 13:07:59,373:INFO:WhatsApp.exe
2023-03-13 13:07:59,373:INFO:AdobeCollabSync.exe
2023-03-13 13:07:59,373:INFO:slack.exe
2023-03-13 13:07:59,373:INFO:sihost.exe
2023-03-13 13:07:59,373:INFO:msedgewebview2.exe
2023-03-27 14:18:24,993:INFO:System Idle Process
2023-03-27 14:18:25,014:INFO:System
2023-03-27 14:18:25,025:INFO:
2023-03-27 14:18:25,045:INFO:Registry
2023-03-27 14:18:25,045:INFO:wslhost.exe
2023-03-27 14:18:25,139:WARNING:this process killed sucessfully =284
2023-03-27 14:18:26,858:WARNING:this process killed sucessfully =5168
2023-03-27 14:18:27,958:WARNING:this process killed sucessfully =10600
2023-03-27 14:18:28,463:WARNING:this process killed sucessfully =21304
2023-03-27 14:18:28,839:INFO:OpenVPNConnect.exe
2023-03-27 14:18:28,839:INFO:vpnkit.exe
2023-03-27 14:18:28,934:WARNING:this process killed sucessfully =524
2023-03-27 14:18:32,294:INFO:smss.exe
2023-03-27 14:18:32,430:WARNING:Error in kiling process =680
2023-03-27 14:18:35,756:INFO:csrss.exe
2023-03-27 14:18:35,776:INFO:svchost.exe
2023-03-27 14:18:35,797:INFO:wininit.exe
2023-03-27 14:18:35,818:INFO:services.exe
2023-03-27 14:18:35,833:INFO:HPCommRecovery.exe
2023-03-27 14:18:35,849:INFO:LsaIso.exe
2023-03-27 14:18:35,870:INFO:lsass.exe
2023-03-27 14:18:35,891:INFO:svchost.exe
2023-03-27 14:18:35,901:INFO:fontdrvhost.exe
2023-03-27 14:18:35,922:INFO:svchost.exe
2023-03-27 14:18:35,942:INFO:svchost.exe
2023-03-27 14:18:35,943:INFO:msedge.exe
2023-03-27 14:18:35,958:INFO:svchost.exe
2023-03-27 14:18:35,975:INFO:svchost.exe
2023-03-27 14:18:35,990:INFO:svchost.exe
2023-03-27 14:18:36,006:INFO:svchost.exe
2023-03-27 14:18:36,026:INFO:svchost.exe
2023-03-27 14:18:36,036:INFO:MfeAVSvc.exe
2023-03-27 14:18:36,036:INFO:msedgewebview2.exe
2023-03-27 14:18:36,057:INFO:svchost.exe
2023-03-27 14:18:36,078:INFO:svchost.exe
2023-03-27 14:18:36,078:INFO:conhost.exe
2023-03-27 14:18:36,098:INFO:svchost.exe
2023-03-27 14:18:36,120:INFO:svchost.exe
2023-03-27 14:18:36,120:INFO:msedge.exe
2023-03-27 14:18:36,140:INFO:svchost.exe
2023-03-27 14:18:36,161:INFO:svchost.exe
2023-03-27 14:18:36,181:INFO:svchost.exe
2023-03-27 14:18:36,188:INFO:conhost.exe
2023-03-27 14:18:36,204:INFO:TouchpointAnalyticsClientService.exe
2023-03-27 14:18:36,204:INFO:Code.exe
2023-03-27 14:18:36,204:INFO:cmd.exe
2023-03-27 14:18:36,222:INFO:svchost.exe
2023-03-27 14:18:36,242:INFO:svchost.exe
2023-03-27 14:18:36,253:INFO:svchost.exe
2023-03-27 14:18:36,274:INFO:svchost.exe
2023-03-27 14:18:36,274:INFO:Code.exe
2023-03-27 14:18:36,294:INFO:svchost.exe
2023-03-27 14:18:36,315:INFO:TuneupSvc.exe
2023-03-27 14:18:36,330:INFO:svchost.exe
2023-03-27 14:18:36,346:INFO:DiagsCap.exe
2023-03-27 14:18:36,366:INFO:AppHelperCap.exe
2023-03-27 14:18:36,380:INFO:NetworkCap.exe
2023-03-27 14:18:36,414:INFO:SysInfoCap.exe
2023-03-27 14:18:36,414:INFO:AvastUI.exe
2023-03-27 14:18:36,427:INFO:svchost.exe
2023-03-27 14:18:36,448:INFO:AdobeUpdateService.exe
2023-03-27 14:18:36,448:INFO:RuntimeBroker.exe
2023-03-27 14:18:36,469:INFO:svchost.exe
2023-03-27 14:18:36,469:INFO:RuntimeBroker.exe
2023-03-27 14:18:36,490:INFO:svchost.exe
2023-03-27 14:18:36,506:INFO:svchost.exe
2023-03-27 14:18:36,521:INFO:svchost.exe
2023-03-27 14:18:36,543:INFO:svchost.exe
2023-03-27 14:18:36,554:INFO:svchost.exe
2023-03-27 14:18:36,554:INFO:Adobe Desktop Service.exe
2023-03-27 14:18:36,574:INFO:svchost.exe
2023-03-27 14:18:36,574:INFO:notepad++.exe
2023-03-27 14:18:36,594:INFO:svchost.exe
2023-03-27 14:18:36,605:INFO:svchost.exe
2023-03-27 14:18:36,605:INFO:node.exe
2023-03-27 14:18:36,625:INFO:svchost.exe
2023-03-27 14:18:36,649:INFO:atiesrxx.exe
2023-03-27 14:18:36,668:INFO:amdfendrsr.exe
2023-03-27 14:18:36,681:INFO:svchost.exe
2023-03-27 14:18:36,688:INFO:mcshield.exe
2023-03-27 14:18:36,698:INFO:svchost.exe
2023-03-27 14:18:36,719:INFO:MemCompression
2023-03-27 14:18:36,719:INFO:svchost.exe
2023-03-27 14:18:36,740:INFO:dasHost.exe
2023-03-27 14:18:36,740:INFO:dllhost.exe
2023-03-27 14:18:36,751:INFO:svchost.exe
2023-03-27 14:18:36,778:INFO:svchost.exe
2023-03-27 14:18:36,793:INFO:svchost.exe
2023-03-27 14:18:36,815:INFO:wsc_proxy.exe
2023-03-27 14:18:36,835:INFO:svchost.exe
2023-03-27 14:18:36,846:INFO:svchost.exe
2023-03-27 14:18:36,846:INFO:msedgewebview2.exe
2023-03-27 14:18:36,872:INFO:dasHost.exe
2023-03-27 14:18:36,889:INFO:svchost.exe
2023-03-27 14:18:36,909:INFO:svchost.exe
2023-03-27 14:18:36,920:INFO:AGSService.exe
2023-03-27 14:18:36,941:INFO:svchost.exe
2023-03-27 14:18:36,962:INFO:svchost.exe
2023-03-27 14:18:36,984:INFO:AGMService.exe
2023-03-27 14:18:36,999:INFO:svchost.exe
2023-03-27 14:18:36,999:INFO:AdobeIPCBroker.exe
2023-03-27 14:18:37,016:INFO:svchost.exe
2023-03-27 14:18:37,040:INFO:svchost.exe
2023-03-27 14:18:37,058:INFO:unsecapp.exe
2023-03-27 14:18:37,078:INFO:WmiPrvSE.exe
2023-03-27 14:18:37,078:INFO:conhost.exe
2023-03-27 14:18:37,089:INFO:svchost.exe
2023-03-27 14:18:37,109:INFO:svchost.exe
2023-03-27 14:18:37,130:INFO:OfficeClickToRun.exe
2023-03-27 14:18:37,134:INFO:AvastBrowser.exe
2023-03-27 14:18:37,134:INFO:chrome.exe
2023-03-27 14:18:37,151:INFO:svchost.exe
2023-03-27 14:18:37,172:INFO:svchost.exe
2023-03-27 14:18:37,182:INFO:AvastSvc.exe
2023-03-27 14:18:37,182:INFO:McPvTray.exe
2023-03-27 14:18:37,203:INFO:svchost.exe
2023-03-27 14:18:37,223:INFO:vmwp.exe
2023-03-27 14:18:38,829:WARNING:Error in kiling process =5628
2023-03-27 14:18:40,515:INFO:node.exe
2023-03-27 14:18:40,535:INFO:aswToolsSvc.exe
2023-03-27 14:18:40,555:INFO:spoolsv.exe
2023-03-27 14:18:40,555:INFO:agent_ovpnconnect_1647517251935.exe
2023-03-27 14:18:40,566:INFO:com.docker.service
2023-03-27 14:18:42,244:WARNING:Error in kiling process =5872
2023-03-27 14:18:43,945:INFO:afwServ.exe
2023-03-27 14:18:43,959:INFO:svchost.exe
2023-03-27 14:18:43,959:INFO:chrome.exe
2023-03-27 14:18:43,979:INFO:armsvc.exe
2023-03-27 14:18:44,000:INFO:svchost.exe
2023-03-27 14:18:44,016:INFO:horizon_client_service.exe
2023-03-27 14:18:44,035:INFO:DriverUpdSvc.exe
2023-03-27 14:18:44,051:INFO:ftscanmgrhv.exe
2023-03-27 14:18:44,072:INFO:ETDService.exe
2023-03-27 14:18:44,072:INFO:Widgets.exe
2023-03-27 14:18:44,095:INFO:svchost.exe
2023-03-27 14:18:44,113:INFO:mfemms.exe
2023-03-27 14:18:44,124:INFO:ModuleCoreService.exe
2023-03-27 14:18:44,124:INFO:Code.exe
2023-03-27 14:18:44,145:INFO:mysqld.exe
2023-03-27 14:18:44,167:INFO:nxservice64.exe
2023-03-27 14:18:44,167:INFO:ovpnhelper_service.exe
2023-03-27 14:18:44,167:INFO:Docker Desktop.exe
2023-03-27 14:18:46,090:WARNING:this process killed sucessfully =6544
2023-03-27 14:18:47,144:WARNING:this process killed sucessfully =16388
2023-03-27 14:18:47,744:INFO:PEFService.exe
2023-03-27 14:18:47,744:INFO:msedgewebview2.exe
2023-03-27 14:18:47,760:INFO:RtkBtManServ.exe
2023-03-27 14:18:47,776:INFO:svchost.exe
2023-03-27 14:18:47,791:INFO:VpnSvc.exe
2023-03-27 14:18:47,807:INFO:RtkAudUService64.exe
2023-03-27 14:18:47,843:INFO:SECOMN64.exe
2023-03-27 14:18:47,855:INFO:svchost.exe
2023-03-27 14:18:47,871:INFO:nessus-service.exe
2023-03-27 14:18:47,886:INFO:vmwsprrdpwks.exe
2023-03-27 14:18:47,902:INFO:vmware-usbarbitrator64.exe
2023-03-27 14:18:47,933:INFO:WildTangentHelperService.exe
2023-03-27 14:18:47,950:INFO:svchost.exe
2023-03-27 14:18:47,950:INFO:AvastBrowser.exe
2023-03-27 14:18:47,966:INFO:svchost.exe
2023-03-27 14:18:47,966:INFO:chrome.exe
2023-03-27 14:18:47,966:INFO:slack.exe
2023-03-27 14:18:47,966:INFO:Creative Cloud UI Helper.exe
2023-03-27 14:18:47,981:INFO:mysqld.exe
2023-03-27 14:18:48,012:INFO:SgrmBroker.exe
2023-03-27 14:18:48,028:INFO:nessusd.exe
2023-03-27 14:18:48,044:INFO:conhost.exe
2023-03-27 14:18:48,044:INFO:Teams.exe
2023-03-27 14:18:50,224:WARNING:this process killed sucessfully =7756
2023-03-27 14:18:50,884:WARNING:this process killed sucessfully =14972
2023-03-27 14:18:51,138:WARNING:this process killed sucessfully =20288
2023-03-27 14:18:51,152:WARNING:this process killed sucessfully =20880
2023-03-27 14:18:51,624:INFO:conhost.exe
2023-03-27 14:18:51,640:INFO:svchost.exe
2023-03-27 14:18:51,656:INFO:conhost.exe
2023-03-27 14:18:51,672:INFO:aswEngSrv.exe
2023-03-27 14:18:51,687:INFO:MMSSHOST.exe
2023-03-27 14:18:51,703:INFO:mfevtps.exe
2023-03-27 14:18:51,720:INFO:AggregatorHost.exe
2023-03-27 14:18:51,753:INFO:ProtectedModuleHost.exe
2023-03-27 14:18:51,767:INFO:nxserver.bin
2023-03-27 14:18:51,783:INFO:svchost.exe
2023-03-27 14:18:51,799:INFO:SearchIndexer.exe
2023-03-27 14:18:51,799:INFO:slack.exe
2023-03-27 14:18:51,799:INFO:RuntimeBroker.exe
2023-03-27 14:18:51,799:INFO:SearchHost.exe
2023-03-27 14:18:51,799:INFO:chrome.exe
2023-03-27 14:18:51,814:INFO:svchost.exe
2023-03-27 14:18:51,845:INFO:svchost.exe
2023-03-27 14:18:51,845:INFO:AvastUI.exe
2023-03-27 14:18:51,845:INFO:AdobeNotificationClient.exe
2023-03-27 14:18:51,861:INFO:nxd.exe
2023-03-27 14:18:51,886:INFO:ModuleCoreService.exe
2023-03-27 14:18:51,886:INFO:msedgewebview2.exe
2023-03-27 14:18:51,907:INFO:conhost.exe
2023-03-27 14:18:51,907:INFO:AvastBrowser.exe
2023-03-27 14:18:51,907:INFO:ModuleCoreService.exe
2023-03-27 14:18:51,907:INFO:msedgewebview2.exe
2023-03-27 14:18:51,949:INFO:McCSPServiceHost.exe
2023-03-27 14:18:51,965:INFO:svchost.exe
2023-03-27 14:18:51,981:INFO:svchost.exe
2023-03-27 14:18:51,981:INFO:chrome.exe
2023-03-27 14:18:51,996:INFO:svchost.exe
2023-03-27 14:18:52,012:INFO:svchost.exe
2023-03-27 14:18:52,043:INFO:svchost.exe
2023-03-27 14:18:52,059:INFO:aswidsagent.exe
2023-03-27 14:18:52,059:INFO:explorer.exe
2023-03-27 14:18:52,059:INFO:Code.exe
2023-03-27 14:18:52,059:INFO:smartscreen.exe
2023-03-27 14:18:54,645:WARNING:this process killed sucessfully =12536
2023-03-27 14:18:55,247:INFO:svchost.exe
2023-03-27 14:18:55,247:INFO:msedge.exe
2023-03-27 14:18:55,247:INFO:ONENOTEM.EXE
2023-03-27 14:18:55,247:INFO:AvastNM.exe
2023-03-27 14:18:55,247:INFO:AvastBrowser.exe
2023-03-27 14:18:55,263:INFO:svchost.exe
2023-03-27 14:18:55,263:INFO:Creative Cloud.exe
2023-03-27 14:18:55,263:INFO:msedgewebview2.exe
2023-03-27 14:18:55,263:INFO:RuntimeBroker.exe
2023-03-27 14:18:55,279:INFO:chrome.exe
2023-03-27 14:18:55,296:INFO:mcapexe.exe
2023-03-27 14:18:55,296:INFO:OpenVPNConnect.exe
2023-03-27 14:18:55,307:INFO:TouchpointGpuInfo.exe
2023-03-27 14:18:55,335:INFO:GoogleCrashHandler.exe
2023-03-27 14:18:55,351:INFO:GoogleCrashHandler64.exe
2023-03-27 14:18:55,367:INFO:svchost.exe
2023-03-27 14:18:55,367:INFO:dllhost.exe
2023-03-27 14:18:55,367:INFO:CiscoCollabHostCef.exe
2023-03-27 14:18:55,367:INFO:RuntimeBroker.exe
2023-03-27 14:18:55,383:INFO:svchost.exe
2023-03-27 14:18:55,400:INFO:svchost.exe
2023-03-27 14:18:55,430:INFO:atieclxx.exe
2023-03-27 14:18:55,430:INFO:Code.exe
2023-03-27 14:18:55,446:INFO:fontdrvhost.exe
2023-03-27 14:18:55,462:INFO:svchost.exe
2023-03-27 14:18:55,462:INFO:Creative Cloud UI Helper.exe
2023-03-27 14:18:55,462:INFO:HPSystemEventUtilityHost.exe
2023-03-27 14:18:55,478:INFO:SecurityHealthService.exe
2023-03-27 14:18:55,494:INFO:dwm.exe
2023-03-27 14:18:55,494:INFO:Code.exe
2023-03-27 14:18:55,494:INFO:msedge.exe
2023-03-27 14:18:55,494:INFO:chrome.exe
2023-03-27 14:18:55,509:INFO:svchost.exe
2023-03-27 14:18:55,540:INFO:svchost.exe
2023-03-27 14:18:55,540:INFO:slack.exe
2023-03-27 14:18:55,540:INFO:OneDrive.exe
2023-03-27 14:18:55,540:INFO:OpenVPNConnect.exe
2023-03-27 14:18:55,540:INFO:audiodg.exe
2023-03-27 14:18:58,648:WARNING:Error in kiling process =18244
2023-03-27 14:18:58,950:INFO:POWERPNT.EXE
2023-03-27 14:18:58,950:INFO:nxclient.bin
2023-03-27 14:18:58,950:INFO:RuntimeBroker.exe
2023-03-27 14:18:58,950:INFO:RuntimeBroker.exe
2023-03-27 14:18:58,950:INFO:svchost.exe
2023-03-27 14:18:58,950:INFO:chrome.exe
2023-03-27 14:18:58,950:INFO:Grammarly.Desktop.exe
2023-03-27 14:18:58,950:INFO:CastSrv.exe
2023-03-27 14:18:58,950:INFO:chrome.exe
2023-03-27 14:18:58,950:INFO:CoreSync.exe
2023-03-27 14:18:58,950:INFO:chrome.exe
2023-03-27 14:18:58,950:INFO:conhost.exe
2023-03-27 14:18:58,950:INFO:ETDCtrl.exe
2023-03-27 14:18:58,950:INFO:AvastUI.exe
2023-03-27 14:18:58,974:INFO:csrss.exe
2023-03-27 14:18:58,974:INFO:Code.exe
2023-03-27 14:18:58,974:INFO:chrome.exe
2023-03-27 14:18:58,974:INFO:AvastBrowser.exe
2023-03-27 14:18:58,990:INFO:svchost.exe
2023-03-27 14:18:58,990:INFO:taskhostw.exe
2023-03-27 14:18:58,990:INFO:WhatsApp.exe
2023-03-27 14:18:59,007:INFO:vmcompute.exe
2023-03-27 14:19:01,958:WARNING:Error in kiling process =22688
2023-03-27 14:19:02,183:INFO:SDXHelper.exe
2023-03-27 14:19:05,233:WARNING:this process killed sucessfully =22716
2023-03-27 14:19:05,510:INFO:svchost.exe
2023-03-27 14:19:05,525:INFO:svchost.exe
2023-03-27 14:19:05,525:INFO:Cortana.exe
2023-03-27 14:19:05,525:INFO:slack.exe
2023-03-27 14:19:05,541:INFO:svchost.exe
2023-03-27 14:19:05,541:INFO:svchost.exe
2023-03-27 14:19:05,541:INFO:OneDrive.exe
2023-03-27 14:19:05,541:INFO:McUICnt.exe
2023-03-27 14:19:05,541:INFO:msedgewebview2.exe
2023-03-27 14:19:05,541:INFO:msedgewebview2.exe
2023-03-27 14:19:05,541:INFO:msedgewebview2.exe
2023-03-27 14:19:05,541:INFO:conhost.exe
2023-03-27 14:19:05,541:INFO:AvastBrowser.exe
2023-03-27 14:19:05,541:INFO:msedgewebview2.exe
2023-03-27 14:19:05,557:INFO:svchost.exe
2023-03-27 14:19:05,557:INFO:slack.exe
2023-03-27 14:19:05,557:INFO:msedge.exe
2023-03-27 14:19:05,572:INFO:svchost.exe
2023-03-27 14:19:05,572:INFO:powershell.exe
2023-03-27 14:19:05,572:INFO:python.exe
2023-03-27 14:19:05,572:INFO:chrome.exe
2023-03-27 14:19:05,604:INFO:svchost.exe
2023-03-27 14:19:05,604:INFO:svchost.exe
2023-03-27 14:19:05,619:INFO:nxclient.bin
2023-03-27 14:19:05,619:INFO:chrome.exe
2023-03-27 14:19:05,619:INFO:svchost.exe
2023-03-27 14:19:05,619:INFO:svchost.exe
2023-03-27 14:19:05,619:INFO:SecurityHealthSystray.exe
2023-03-27 14:19:05,635:INFO:QcShm.exe
2023-03-27 14:19:05,635:INFO:msedgewebview2.exe
2023-03-27 14:19:05,635:INFO:AvastBrowser.exe
2023-03-27 14:19:05,635:INFO:WidgetService.exe
2023-03-27 14:19:08,708:WARNING:this process killed sucessfully =27808
2023-03-27 14:19:08,807:INFO:RuntimeBroker.exe
2023-03-27 14:19:08,823:INFO:winlogon.exe
2023-03-27 14:19:08,823:INFO:cmd.exe
2023-03-27 14:19:08,823:INFO:conhost.exe
2023-03-27 14:19:08,823:INFO:Creative Cloud UI Helper.exe
2023-03-27 14:19:08,831:INFO:CCLibrary.exe
2023-03-27 14:19:08,831:INFO:chrome.exe
2023-03-27 14:19:08,831:INFO:AvastBrowser.exe
2023-03-27 14:19:08,831:INFO:TextInputHost.exe
2023-03-27 14:19:08,831:INFO:StartMenuExperienceHost.exe
2023-03-27 14:19:08,831:INFO:sihost.exe
2023-03-27 14:19:08,831:INFO:LockApp.exe
2023-03-27 14:19:08,847:INFO:svchost.exe
2023-03-27 14:19:08,847:INFO:BridgeCommunication.exe
2023-03-27 14:19:08,847:INFO:LocationNotificationWindows.exe
2023-03-27 14:19:11,962:WARNING:this process killed sucessfully =30384
2023-03-27 14:19:12,022:INFO:VpnNM.exe
2023-03-27 14:19:12,022:INFO:RtkAudUService64.exe
2023-03-27 14:19:12,022:INFO:OpenVPNConnect.exe
2023-03-27 14:19:12,022:INFO:Code.exe
2023-03-27 14:19:12,022:INFO:AdobeCollabSync.exe
2023-03-27 14:19:12,022:INFO:RuntimeBroker.exe
2023-03-27 14:19:12,022:INFO:ai.exe
2023-03-27 14:19:12,022:INFO:Code.exe
2023-03-27 14:19:12,022:INFO:CiscoCollabHost.exe
2023-03-27 14:19:12,022:INFO:AvastBrowser.exe
2023-03-27 14:19:12,022:INFO:svchost.exe
2023-03-27 14:19:12,046:INFO:nxnode.bin
2023-03-27 14:19:12,046:INFO:msedge.exe
2023-03-27 14:19:12,046:INFO:HP.JumpStarts.exe
2023-03-27 14:19:12,046:INFO:Code.exe
2023-03-27 14:19:12,046:INFO:conhost.exe
2023-03-27 14:19:12,046:INFO:AdobeCollabSync.exe
2023-03-27 14:19:12,046:INFO:SystemSettingsBroker.exe
2023-03-27 14:19:12,046:INFO:conhost.exe
2023-03-27 14:19:12,046:INFO:chrome.exe
2023-03-27 14:19:12,046:INFO:CCXProcess.exe
2023-03-27 14:19:12,046:INFO:ctfmon.exe
2023-03-27 14:19:12,054:INFO:dllhost.exe
2023-03-27 14:19:12,054:INFO:msteams.exe
2023-03-27 14:19:12,054:INFO:ShellExperienceHost.exe
2023-03-27 14:19:12,054:INFO:AvastBrowser.exe
2023-03-27 14:19:12,054:INFO:HPAudioSwitch.exe
2023-03-27 14:19:12,054:INFO:chrome.exe
2023-03-27 14:19:12,054:INFO:chrome.exe
2023-03-27 14:19:12,054:INFO:msedgewebview2.exe
2023-03-27 14:19:12,054:INFO:msedge.exe
2023-03-27 14:19:12,054:INFO:slack.exe
2023-03-27 14:19:12,054:INFO:WebexHost.exe
2023-03-27 14:19:12,054:INFO:svchost.exe
2023-03-27 14:19:12,074:INFO:vmmemWSL
2023-03-27 14:19:15,350:WARNING:Error in kiling process =36180
2023-03-27 14:19:15,350:INFO:AvastUI.exe
2023-03-27 14:19:15,350:INFO:RuntimeBroker.exe
2023-03-27 14:19:15,350:INFO:atmgr.exe
2023-03-27 14:19:15,355:INFO:CiscoCollabHostCef.exe
2023-03-27 14:19:15,355:INFO:AvastBrowser.exe
