2023-03-06 13:27:12,836:INFO:System Idle Process
2023-03-06 13:27:12,836:INFO:System
2023-03-06 13:27:12,852:INFO:
2023-03-06 13:27:12,867:INFO:Registry
2023-03-06 13:27:12,867:INFO:smss.exe
2023-03-06 13:27:12,934:WARNING:Error in kiling process =644
2023-03-06 13:27:14,839:INFO:csrss.exe
2023-03-06 13:27:14,839:INFO:msedgewebview2.exe
2023-03-06 13:27:14,855:INFO:wininit.exe
2023-03-06 13:27:14,855:INFO:conhost.exe
2023-03-06 13:27:14,855:INFO:services.exe
2023-03-06 13:27:14,870:INFO:LsaIso.exe
2023-03-06 13:27:14,887:INFO:lsass.exe
2023-03-06 13:27:14,888:INFO:svchost.exe
2023-03-06 13:27:14,888:INFO:fontdrvhost.exe
2023-03-06 13:27:14,904:INFO:svchost.exe
2023-03-06 13:27:14,919:INFO:svchost.exe
2023-03-06 13:27:14,921:INFO:svchost.exe
2023-03-06 13:27:14,930:INFO:HP.JumpStarts.exe
2023-03-06 13:27:14,930:INFO:Code.exe
2023-03-06 13:27:14,935:INFO:svchost.exe
2023-03-06 13:27:14,935:INFO:Code.exe
2023-03-06 13:27:14,935:INFO:svchost.exe
2023-03-06 13:27:14,951:INFO:svchost.exe
2023-03-06 13:27:14,951:INFO:svchost.exe
2023-03-06 13:27:14,966:INFO:svchost.exe
2023-03-06 13:27:14,982:INFO:MMSSHOST.exe
2023-03-06 13:27:14,982:INFO:svchost.exe
2023-03-06 13:27:14,999:INFO:svchost.exe
2023-03-06 13:27:15,009:INFO:svchost.exe
2023-03-06 13:27:15,010:INFO:slack.exe
2023-03-06 13:27:15,019:INFO:svchost.exe
2023-03-06 13:27:15,028:INFO:svchost.exe
2023-03-06 13:27:15,028:INFO:ETDCtrl.exe
2023-03-06 13:27:15,036:INFO:svchost.exe
2023-03-06 13:27:15,041:INFO:svchost.exe
2023-03-06 13:27:15,041:INFO:svchost.exe
2023-03-06 13:27:15,056:INFO:svchost.exe
2023-03-06 13:27:15,056:INFO:svchost.exe
2023-03-06 13:27:15,056:INFO:RuntimeBroker.exe
2023-03-06 13:27:15,071:INFO:svchost.exe
2023-03-06 13:27:15,071:INFO:TextInputHost.exe
2023-03-06 13:27:15,071:INFO:CiscoCollabHostCef.exe
2023-03-06 13:27:15,071:INFO:AvastBrowser.exe
2023-03-06 13:27:15,087:INFO:svchost.exe
2023-03-06 13:27:15,087:INFO:svchost.exe
2023-03-06 13:27:15,103:INFO:svchost.exe
2023-03-06 13:27:15,103:INFO:AppHelperCap.exe
2023-03-06 13:27:15,121:INFO:NetworkCap.exe
2023-03-06 13:27:15,121:INFO:DiagsCap.exe
2023-03-06 13:27:15,135:INFO:svchost.exe
2023-03-06 13:27:15,135:INFO:SysInfoCap.exe
2023-03-06 13:27:15,150:INFO:TouchpointAnalyticsClientService.exe
2023-03-06 13:27:15,150:INFO:WUDFHost.exe
2023-03-06 13:27:15,166:INFO:svchost.exe
2023-03-06 13:27:15,166:INFO:svchost.exe
2023-03-06 13:27:15,181:INFO:svchost.exe
2023-03-06 13:27:15,197:INFO:svchost.exe
2023-03-06 13:27:15,197:INFO:svchost.exe
2023-03-06 13:27:15,213:INFO:svchost.exe
2023-03-06 13:27:15,222:INFO:amdfendrsr.exe
2023-03-06 13:27:15,229:INFO:atiesrxx.exe
2023-03-06 13:27:15,229:INFO:svchost.exe
2023-03-06 13:27:15,244:INFO:svchost.exe
2023-03-06 13:27:15,244:INFO:svchost.exe
2023-03-06 13:27:15,260:INFO:svchost.exe
2023-03-06 13:27:15,260:INFO:svchost.exe
2023-03-06 13:27:15,275:INFO:dasHost.exe
2023-03-06 13:27:15,275:INFO:svchost.exe
2023-03-06 13:27:15,291:INFO:svchost.exe
2023-03-06 13:27:15,307:INFO:dasHost.exe
2023-03-06 13:27:15,315:INFO:svchost.exe
2023-03-06 13:27:15,324:INFO:svchost.exe
2023-03-06 13:27:15,331:INFO:wsc_proxy.exe
2023-03-06 13:27:15,340:INFO:svchost.exe
2023-03-06 13:27:15,340:INFO:svchost.exe
2023-03-06 13:27:15,341:INFO:svchost.exe
2023-03-06 13:27:15,341:INFO:conhost.exe
2023-03-06 13:27:15,356:INFO:MemCompression
2023-03-06 13:27:15,356:INFO:svchost.exe
2023-03-06 13:27:15,356:INFO:AdobeCollabSync.exe
2023-03-06 13:27:15,371:INFO:unsecapp.exe
2023-03-06 13:27:15,371:INFO:dllhost.exe
2023-03-06 13:27:15,371:INFO:McAMTaskAgent.exe
2023-03-06 13:27:15,387:INFO:WmiPrvSE.exe
2023-03-06 13:27:15,387:INFO:svchost.exe
2023-03-06 13:27:15,387:INFO:StartMenuExperienceHost.exe
2023-03-06 13:27:15,403:INFO:MfeAVSvc.exe
2023-03-06 13:27:15,403:INFO:svchost.exe
2023-03-06 13:27:15,403:INFO:nxclient.bin
2023-03-06 13:27:15,422:INFO:svchost.exe
2023-03-06 13:27:15,422:INFO:RuntimeBroker.exe
2023-03-06 13:27:15,422:INFO:horizon_client_service.exe
2023-03-06 13:27:15,438:INFO:svchost.exe
2023-03-06 13:27:15,450:INFO:svchost.exe
2023-03-06 13:27:15,450:INFO:svchost.exe
2023-03-06 13:27:15,466:INFO:svchost.exe
2023-03-06 13:27:15,466:INFO:Cortana.exe
2023-03-06 13:27:15,466:INFO:svchost.exe
2023-03-06 13:27:15,482:INFO:ETDService.exe
2023-03-06 13:27:15,482:INFO:svchost.exe
2023-03-06 13:27:15,497:INFO:AvastSvc.exe
2023-03-06 13:27:15,497:INFO:AGMService.exe
2023-03-06 13:27:15,513:INFO:DriverUpdSvc.exe
2023-03-06 13:27:15,522:INFO:armsvc.exe
2023-03-06 13:27:15,522:INFO:agent_ovpnconnect_1647517251935.exe
2023-03-06 13:27:15,529:INFO:svchost.exe
2023-03-06 13:27:15,529:INFO:AGSService.exe
2023-03-06 13:27:15,545:INFO:TuneupSvc.exe
2023-03-06 13:27:15,560:INFO:aswToolsSvc.exe
2023-03-06 13:27:15,560:INFO:svchost.exe
2023-03-06 13:27:15,576:INFO:spoolsv.exe
2023-03-06 13:27:15,576:INFO:afwServ.exe
2023-03-06 13:27:15,576:INFO:chrome.exe
2023-03-06 13:27:15,591:INFO:svchost.exe
2023-03-06 13:27:15,591:INFO:msedgewebview2.exe
2023-03-06 13:27:15,591:INFO:AvastBrowser.exe
2023-03-06 13:27:15,591:INFO:OneDrive.exe
2023-03-06 13:27:15,591:INFO:ftscanmgrhv.exe
2023-03-06 13:27:15,607:INFO:mfemms.exe
2023-03-06 13:27:15,607:INFO:ModuleCoreService.exe
2023-03-06 13:27:15,623:INFO:mysqld.exe
2023-03-06 13:27:15,623:INFO:nxservice64.exe
2023-03-06 13:27:15,623:INFO:ovpnhelper_service.exe
2023-03-06 13:27:15,623:INFO:msedgewebview2.exe
2023-03-06 13:27:15,638:INFO:svchost.exe
2023-03-06 13:27:15,638:INFO:PEFService.exe
2023-03-06 13:27:15,654:INFO:RtkBtManServ.exe
2023-03-06 13:27:15,669:INFO:TouchpointGpuInfo.exe
2023-03-06 13:27:15,669:INFO:RtkAudUService64.exe
2023-03-06 13:27:15,685:INFO:svchost.exe
2023-03-06 13:27:15,685:INFO:VpnSvc.exe
2023-03-06 13:27:15,701:INFO:nessus-service.exe
2023-03-06 13:27:15,701:INFO:vmware-usbarbitrator64.exe
2023-03-06 13:27:15,716:INFO:vmwsprrdpwks.exe
2023-03-06 13:27:15,716:INFO:WebexHost.exe
2023-03-06 13:27:15,723:INFO:SECOMN64.exe
2023-03-06 13:27:15,732:INFO:WildTangentHelperService.exe
2023-03-06 13:27:15,748:INFO:svchost.exe
2023-03-06 13:27:15,748:INFO:nessusd.exe
2023-03-06 13:27:15,748:INFO:VpnNM.exe
2023-03-06 13:27:15,764:INFO:mysqld.exe
2023-03-06 13:27:15,764:INFO:svchost.exe
2023-03-06 13:27:15,764:INFO:ctfmon.exe
2023-03-06 13:27:15,764:INFO:powershell.exe
2023-03-06 13:27:15,779:INFO:conhost.exe
2023-03-06 13:27:15,795:INFO:svchost.exe
2023-03-06 13:27:15,795:INFO:svchost.exe
2023-03-06 13:27:15,810:INFO:aswEngSrv.exe
2023-03-06 13:27:15,810:INFO:AvastBrowser.exe
2023-03-06 13:27:15,810:INFO:slack.exe
2023-03-06 13:27:15,810:INFO:AvastBrowser.exe
2023-03-06 13:27:15,823:INFO:mfevtps.exe
2023-03-06 13:27:15,823:INFO:Code.exe
2023-03-06 13:27:15,823:INFO:msedge.exe
2023-03-06 13:27:15,835:INFO:ProtectedModuleHost.exe
2023-03-06 13:27:15,835:INFO:Creative Cloud UI Helper.exe
2023-03-06 13:27:15,844:INFO:AggregatorHost.exe
2023-03-06 13:27:15,853:INFO:nxserver.bin
2023-03-06 13:27:15,857:INFO:conhost.exe
2023-03-06 13:27:15,857:INFO:svchost.exe
2023-03-06 13:27:15,857:INFO:msedgewebview2.exe
2023-03-06 13:27:15,857:INFO:HPSystemEventUtilityHost.exe
2023-03-06 13:27:15,857:INFO:svchost.exe
2023-03-06 13:27:15,857:INFO:OneDrive.exe
2023-03-06 13:27:15,857:INFO:RuntimeBroker.exe
2023-03-06 13:27:15,873:INFO:svchost.exe
2023-03-06 13:27:15,889:INFO:aswidsagent.exe
2023-03-06 13:27:15,889:INFO:Adobe Desktop Service.exe
2023-03-06 13:27:15,889:INFO:svchost.exe
2023-03-06 13:27:15,904:INFO:ModuleCoreService.exe
2023-03-06 13:27:15,904:INFO:SearchHost.exe
2023-03-06 13:27:15,904:INFO:conhost.exe
2023-03-06 13:27:15,923:INFO:taskhostw.exe
2023-03-06 13:27:15,923:INFO:node.exe
2023-03-06 13:27:15,923:INFO:svchost.exe
2023-03-06 13:27:15,936:INFO:svchost.exe
2023-03-06 13:27:15,936:INFO:mcapexe.exe
2023-03-06 13:27:15,936:INFO:AvastBrowser.exe
2023-03-06 13:27:15,952:INFO:svchost.exe
2023-03-06 13:27:15,952:INFO:Zoom.exe
2023-03-06 13:27:15,952:INFO:svchost.exe
2023-03-06 13:27:15,967:INFO:GoogleCrashHandler.exe
2023-03-06 13:27:15,983:INFO:svchost.exe
2023-03-06 13:27:15,983:INFO:McCSPServiceHost.exe
2023-03-06 13:27:15,983:INFO:audiodg.exe
2023-03-06 13:27:17,127:WARNING:Error in kiling process =12536
2023-03-06 13:27:17,458:INFO:McUICnt.exe
2023-03-06 13:27:17,458:INFO:CCLibrary.exe
2023-03-06 13:27:17,473:INFO:svchost.exe
2023-03-06 13:27:17,473:INFO:AvastUI.exe
2023-03-06 13:27:17,473:INFO:svchost.exe
2023-03-06 13:27:17,473:INFO:taskhostw.exe
2023-03-06 13:27:17,473:INFO:svchost.exe
2023-03-06 13:27:17,473:INFO:Zoom.exe
2023-03-06 13:27:17,488:INFO:svchost.exe
2023-03-06 13:27:17,488:INFO:svchost.exe
2023-03-06 13:27:17,488:INFO:Grammarly.Desktop.exe
2023-03-06 13:27:17,504:INFO:nxd.exe
2023-03-06 13:27:17,504:INFO:SgrmBroker.exe
2023-03-06 13:27:17,504:INFO:CiscoCollabHostCef.exe
2023-03-06 13:27:17,504:INFO:slack.exe
2023-03-06 13:27:17,525:INFO:svchost.exe
2023-03-06 13:27:17,535:INFO:winlogon.exe
2023-03-06 13:27:17,535:INFO:GoogleCrashHandler64.exe
2023-03-06 13:27:17,535:INFO:AvastBrowser.exe
2023-03-06 13:27:17,551:INFO:svchost.exe
2023-03-06 13:27:17,551:INFO:msedgewebview2.exe
2023-03-06 13:27:17,551:INFO:mcshield.exe
2023-03-06 13:27:17,551:INFO:svchost.exe
2023-03-06 13:27:17,551:INFO:nxnode.bin
2023-03-06 13:27:17,551:INFO:CiscoCollabHost.exe
2023-03-06 13:27:17,551:INFO:chrome.exe
2023-03-06 13:27:17,567:INFO:svchost.exe
2023-03-06 13:27:17,567:INFO:AvastUI.exe
2023-03-06 13:27:17,567:INFO:SecurityHealthService.exe
2023-03-06 13:27:17,582:INFO:fontdrvhost.exe
2023-03-06 13:27:17,582:INFO:svchost.exe
2023-03-06 13:27:17,582:INFO:atmgr.exe
2023-03-06 13:27:17,582:INFO:McPvTray.exe
2023-03-06 13:27:17,598:INFO:HPCommRecovery.exe
2023-03-06 13:27:17,598:INFO:conhost.exe
2023-03-06 13:27:17,598:INFO:atieclxx.exe
2023-03-06 13:27:17,598:INFO:chrome.exe
2023-03-06 13:27:17,598:INFO:AppVShNotify.exe
2023-03-06 13:27:17,598:INFO:slack.exe
2023-03-06 13:27:17,598:INFO:msedgewebview2.exe
2023-03-06 13:27:17,614:INFO:svchost.exe
2023-03-06 13:27:17,614:INFO:ONENOTEM.EXE
2023-03-06 13:27:17,614:INFO:msedge.exe
2023-03-06 13:27:17,614:INFO:explorer.exe
2023-03-06 13:27:17,625:INFO:svchost.exe
2023-03-06 13:27:17,625:INFO:RuntimeBroker.exe
2023-03-06 13:27:17,630:INFO:svchost.exe
2023-03-06 13:27:17,630:INFO:ShellExperienceHost.exe
2023-03-06 13:27:17,630:INFO:chrome.exe
2023-03-06 13:27:17,630:INFO:Code.exe
2023-03-06 13:27:17,630:INFO:AdobeIPCBroker.exe
2023-03-06 13:27:17,630:INFO:slack.exe
2023-03-06 13:27:17,630:INFO:AvastBrowser.exe
2023-03-06 13:27:17,630:INFO:McVulCtr.exe
2023-03-06 13:27:17,630:INFO:cmd.exe
2023-03-06 13:27:17,630:INFO:chrome.exe
2023-03-06 13:27:17,630:INFO:notepad++.exe
2023-03-06 13:27:17,630:INFO:OpenVPNConnect.exe
2023-03-06 13:27:17,630:INFO:chrome.exe
2023-03-06 13:27:17,630:INFO:RuntimeBroker.exe
2023-03-06 13:27:17,630:INFO:chrome.exe
2023-03-06 13:27:17,630:INFO:mcafee-security-ft.exe
2023-03-06 13:27:17,630:INFO:msedgewebview2.exe
2023-03-06 13:27:17,630:INFO:HPAudioSwitch.exe
2023-03-06 13:27:17,630:INFO:Creative Cloud UI Helper.exe
2023-03-06 13:27:17,645:INFO:svchost.exe
2023-03-06 13:27:17,645:INFO:msedgewebview2.exe
2023-03-06 13:27:17,645:INFO:SecurityHealthSystray.exe
2023-03-06 13:27:17,645:INFO:svchost.exe
2023-03-06 13:27:17,661:INFO:AvastBrowser.exe
2023-03-06 13:27:17,661:INFO:msteams.exe
2023-03-06 13:27:17,661:INFO:SystemSettingsBroker.exe
2023-03-06 13:27:17,661:INFO:RuntimeBroker.exe
2023-03-06 13:27:17,661:INFO:msedgewebview2.exe
2023-03-06 13:27:17,661:INFO:slack.exe
2023-03-06 13:27:17,661:INFO:chrome.exe
2023-03-06 13:27:17,661:INFO:AvastBrowser.exe
2023-03-06 13:27:17,661:INFO:chrome.exe
2023-03-06 13:27:17,661:INFO:dwm.exe
2023-03-06 13:27:17,661:INFO:AvastUI.exe
2023-03-06 13:27:17,661:INFO:taskhostw.exe
2023-03-06 13:27:17,677:INFO:svchost.exe
2023-03-06 13:27:17,677:INFO:WhatsApp.exe
2023-03-06 13:27:17,677:INFO:svchost.exe
2023-03-06 13:27:17,677:INFO:CoreSync.exe
2023-03-06 13:27:17,677:INFO:AvastBrowser.exe
2023-03-06 13:27:17,677:INFO:sihost.exe
2023-03-06 13:27:17,692:INFO:QcShm.exe
2023-03-06 13:27:17,692:INFO:RuntimeBroker.exe
2023-03-06 13:27:17,692:INFO:Widgets.exe
2023-03-06 13:27:17,692:INFO:msedgewebview2.exe
2023-03-06 13:27:17,692:INFO:LockApp.exe
2023-03-06 13:27:17,692:INFO:ModuleCoreService.exe
2023-03-06 13:27:17,692:INFO:chrome.exe
2023-03-06 13:27:17,692:INFO:Code.exe
2023-03-06 13:27:17,692:INFO:svchost.exe
2023-03-06 13:27:17,692:INFO:msedge.exe
2023-03-06 13:27:17,692:INFO:python.exe
2023-03-06 13:27:17,692:INFO:RuntimeBroker.exe
2023-03-06 13:27:17,692:INFO:RuntimeBroker.exe
2023-03-06 13:27:17,692:INFO:RuntimeBroker.exe
2023-03-06 13:27:17,692:INFO:ai.exe
2023-03-06 13:27:17,692:INFO:BridgeCommunication.exe
2023-03-06 13:27:17,692:INFO:Code.exe
2023-03-06 13:27:17,692:INFO:conhost.exe
2023-03-06 13:27:17,692:INFO:csrss.exe
2023-03-06 13:27:17,692:INFO:node.exe
2023-03-06 13:27:17,692:INFO:msedge.exe
2023-03-06 13:27:17,708:INFO:svchost.exe
2023-03-06 13:27:17,708:INFO:svchost.exe
2023-03-06 13:27:17,708:INFO:CCXProcess.exe
2023-03-06 13:27:17,708:INFO:AdobeNotificationClient.exe
2023-03-06 13:27:17,708:INFO:conhost.exe
2023-03-06 13:27:17,708:INFO:AvastBrowser.exe
2023-03-06 13:27:17,708:INFO:OfficeClickToRun.exe
2023-03-06 13:27:17,725:INFO:svchost.exe
2023-03-06 13:27:17,725:INFO:chrome.exe
2023-03-06 13:27:17,725:INFO:OpenVPNConnect.exe
2023-03-06 13:27:17,725:INFO:RtkAudUService64.exe
2023-03-06 13:27:17,725:INFO:AvastBrowser.exe
2023-03-06 13:27:17,725:INFO:Microsoft.SharePoint.exe
2023-03-06 13:27:17,725:INFO:msedge.exe
2023-03-06 13:27:17,725:INFO:msedge.exe
2023-03-06 13:27:17,739:INFO:svchost.exe
2023-03-06 13:27:17,739:INFO:conhost.exe
2023-03-06 13:27:17,755:INFO:svchost.exe
2023-03-06 13:27:17,755:INFO:AvastBrowser.exe
2023-03-06 13:27:17,755:INFO:OpenVPNConnect.exe
2023-03-06 13:27:17,755:INFO:Code.exe
2023-03-06 13:27:17,755:INFO:Code.exe
2023-03-06 13:27:17,755:INFO:Code.exe
2023-03-06 13:27:17,755:INFO:msedge.exe
2023-03-06 13:27:17,755:INFO:OpenVPNConnect.exe
2023-03-06 13:27:17,755:INFO:cmd.exe
2023-03-06 13:27:17,755:INFO:BridgeCommunication.exe
2023-03-06 13:27:17,755:INFO:svchost.exe
2023-03-06 13:27:17,755:INFO:svchost.exe
2023-03-06 13:27:17,755:INFO:msedge.exe
2023-03-06 13:27:17,755:INFO:msedgewebview2.exe
2023-03-06 13:27:17,755:INFO:AvastUI.exe
2023-03-06 13:27:17,755:INFO:chrome.exe
2023-03-06 13:27:17,755:INFO:svchost.exe
2023-03-06 13:27:17,755:INFO:AvastNM.exe
2023-03-06 13:27:17,755:INFO:POWERPNT.EXE
2023-03-06 13:27:17,755:INFO:msedgewebview2.exe
2023-03-06 13:27:17,755:INFO:CastSrv.exe
2023-03-06 13:27:17,755:INFO:chrome.exe
2023-03-06 13:27:17,755:INFO:dllhost.exe
2023-03-06 13:27:17,755:INFO:conhost.exe
2023-03-06 13:27:17,755:INFO:msedge.exe
2023-03-06 13:27:17,755:INFO:AdobeCollabSync.exe
2023-03-06 13:27:17,771:INFO:svchost.exe
2023-03-06 13:27:17,786:INFO:AdobeUpdateService.exe
2023-03-06 13:27:17,786:INFO:SearchProtocolHost.exe
2023-03-06 13:27:17,786:INFO:Creative Cloud.exe
2023-03-06 13:27:17,786:INFO:chrome.exe
2023-03-06 13:27:17,786:INFO:RuntimeBroker.exe
2023-03-06 13:27:17,786:INFO:Code.exe
2023-03-06 13:27:17,786:INFO:svchost.exe
2023-03-06 13:27:17,786:INFO:mcafee-security.exe
2023-03-06 13:27:17,786:INFO:msedge.exe
2023-03-06 13:27:17,802:INFO:SearchIndexer.exe
2023-03-06 13:27:17,802:INFO:svchost.exe
2023-03-06 14:07:57,009:INFO:System Idle Process
2023-03-06 14:07:57,033:INFO:System
2023-03-06 14:07:57,048:INFO:
2023-03-06 14:07:57,064:INFO:Registry
2023-03-06 14:07:57,094:INFO:smss.exe
2023-03-06 14:07:57,200:WARNING:Error in kiling process =644
2023-03-06 14:08:00,902:INFO:csrss.exe
2023-03-06 14:08:00,902:INFO:msedgewebview2.exe
2023-03-06 14:08:00,909:INFO:wininit.exe
2023-03-06 14:08:00,909:INFO:conhost.exe
2023-03-06 14:08:00,925:INFO:services.exe
2023-03-06 14:08:00,956:INFO:LsaIso.exe
2023-03-06 14:08:00,972:INFO:lsass.exe
2023-03-06 14:08:00,988:INFO:svchost.exe
2023-03-06 14:08:01,005:INFO:fontdrvhost.exe
2023-03-06 14:08:01,020:INFO:svchost.exe
2023-03-06 14:08:01,038:INFO:svchost.exe
2023-03-06 14:08:01,068:INFO:svchost.exe
2023-03-06 14:08:01,068:INFO:HP.JumpStarts.exe
2023-03-06 14:08:01,068:INFO:Code.exe
2023-03-06 14:08:01,083:INFO:svchost.exe
2023-03-06 14:08:01,083:INFO:Code.exe
2023-03-06 14:08:01,103:INFO:svchost.exe
2023-03-06 14:08:01,115:INFO:svchost.exe
2023-03-06 14:08:01,130:INFO:svchost.exe
2023-03-06 14:08:01,162:INFO:svchost.exe
2023-03-06 14:08:01,193:INFO:MMSSHOST.exe
2023-03-06 14:08:01,209:INFO:svchost.exe
2023-03-06 14:08:01,224:INFO:svchost.exe
2023-03-06 14:08:01,240:INFO:svchost.exe
2023-03-06 14:08:01,240:INFO:slack.exe
2023-03-06 14:08:01,256:INFO:svchost.exe
2023-03-06 14:08:01,271:INFO:svchost.exe
2023-03-06 14:08:01,271:INFO:ETDCtrl.exe
2023-03-06 14:08:01,288:INFO:svchost.exe
2023-03-06 14:08:01,303:INFO:svchost.exe
2023-03-06 14:08:01,319:INFO:svchost.exe
2023-03-06 14:08:01,350:INFO:svchost.exe
2023-03-06 14:08:01,350:INFO:RuntimeBroker.exe
2023-03-06 14:08:01,366:INFO:svchost.exe
2023-03-06 14:08:01,366:INFO:TextInputHost.exe
2023-03-06 14:08:01,366:INFO:CiscoCollabHostCef.exe
2023-03-06 14:08:01,366:INFO:AvastBrowser.exe
2023-03-06 14:08:01,381:INFO:svchost.exe
2023-03-06 14:08:01,397:INFO:svchost.exe
2023-03-06 14:08:01,413:INFO:svchost.exe
2023-03-06 14:08:01,429:INFO:AppHelperCap.exe
2023-03-06 14:08:01,444:INFO:NetworkCap.exe
2023-03-06 14:08:01,460:INFO:DiagsCap.exe
2023-03-06 14:08:01,475:INFO:svchost.exe
2023-03-06 14:08:01,507:INFO:SysInfoCap.exe
2023-03-06 14:08:01,523:INFO:TouchpointAnalyticsClientService.exe
2023-03-06 14:08:01,541:INFO:WUDFHost.exe
2023-03-06 14:08:01,555:INFO:svchost.exe
2023-03-06 14:08:01,571:INFO:svchost.exe
2023-03-06 14:08:01,604:INFO:svchost.exe
2023-03-06 14:08:01,619:INFO:svchost.exe
2023-03-06 14:08:01,635:INFO:svchost.exe
2023-03-06 14:08:01,651:INFO:svchost.exe
2023-03-06 14:08:01,666:INFO:amdfendrsr.exe
2023-03-06 14:08:01,683:INFO:atiesrxx.exe
2023-03-06 14:08:01,704:INFO:svchost.exe
2023-03-06 14:08:01,730:INFO:svchost.exe
2023-03-06 14:08:01,746:INFO:svchost.exe
2023-03-06 14:08:01,761:INFO:svchost.exe
2023-03-06 14:08:01,777:INFO:svchost.exe
2023-03-06 14:08:01,793:INFO:dasHost.exe
2023-03-06 14:08:01,809:INFO:svchost.exe
2023-03-06 14:08:01,825:INFO:svchost.exe
2023-03-06 14:08:01,840:INFO:dasHost.exe
2023-03-06 14:08:01,856:INFO:svchost.exe
2023-03-06 14:08:01,872:INFO:svchost.exe
2023-03-06 14:08:01,887:INFO:wsc_proxy.exe
2023-03-06 14:08:01,919:INFO:svchost.exe
2023-03-06 14:08:01,919:INFO:svchost.exe
2023-03-06 14:08:01,935:INFO:svchost.exe
2023-03-06 14:08:01,935:INFO:conhost.exe
2023-03-06 14:08:01,950:INFO:MemCompression
2023-03-06 14:08:01,966:INFO:svchost.exe
2023-03-06 14:08:01,966:INFO:AdobeCollabSync.exe
2023-03-06 14:08:01,982:INFO:unsecapp.exe
2023-03-06 14:08:01,982:INFO:dllhost.exe
2023-03-06 14:08:02,005:INFO:McAMTaskAgent.exe
2023-03-06 14:08:02,013:INFO:WmiPrvSE.exe
2023-03-06 14:08:02,029:INFO:svchost.exe
2023-03-06 14:08:02,029:INFO:StartMenuExperienceHost.exe
2023-03-06 14:08:02,045:INFO:MfeAVSvc.exe
2023-03-06 14:08:02,069:INFO:svchost.exe
2023-03-06 14:08:02,069:INFO:nxclient.bin
2023-03-06 14:08:02,088:INFO:svchost.exe
2023-03-06 14:08:02,088:INFO:RuntimeBroker.exe
2023-03-06 14:08:02,105:INFO:horizon_client_service.exe
2023-03-06 14:08:02,117:INFO:svchost.exe
2023-03-06 14:08:02,133:INFO:svchost.exe
2023-03-06 14:08:02,148:INFO:svchost.exe
2023-03-06 14:08:02,164:INFO:svchost.exe
2023-03-06 14:08:02,164:INFO:Cortana.exe
2023-03-06 14:08:02,179:INFO:svchost.exe
2023-03-06 14:08:02,211:INFO:ETDService.exe
2023-03-06 14:08:02,226:INFO:svchost.exe
2023-03-06 14:08:02,242:INFO:AvastSvc.exe
2023-03-06 14:08:02,258:INFO:AGMService.exe
2023-03-06 14:08:02,273:INFO:DriverUpdSvc.exe
2023-03-06 14:08:02,289:INFO:armsvc.exe
2023-03-06 14:08:02,289:INFO:agent_ovpnconnect_1647517251935.exe
2023-03-06 14:08:02,306:INFO:svchost.exe
2023-03-06 14:08:02,321:INFO:AGSService.exe
2023-03-06 14:08:02,352:INFO:TuneupSvc.exe
2023-03-06 14:08:02,368:INFO:aswToolsSvc.exe
2023-03-06 14:08:02,383:INFO:svchost.exe
2023-03-06 14:08:02,399:INFO:spoolsv.exe
2023-03-06 14:08:02,415:INFO:afwServ.exe
2023-03-06 14:08:02,431:INFO:svchost.exe
2023-03-06 14:08:02,431:INFO:msedgewebview2.exe
2023-03-06 14:08:02,431:INFO:AvastBrowser.exe
2023-03-06 14:08:02,431:INFO:OneDrive.exe
2023-03-06 14:08:02,446:INFO:ftscanmgrhv.exe
2023-03-06 14:08:02,462:INFO:mfemms.exe
2023-03-06 14:08:02,478:INFO:ModuleCoreService.exe
2023-03-06 14:08:02,493:INFO:mysqld.exe
2023-03-06 14:08:02,509:INFO:nxservice64.exe
2023-03-06 14:08:02,509:INFO:ovpnhelper_service.exe
2023-03-06 14:08:02,509:INFO:msedgewebview2.exe
2023-03-06 14:08:02,525:INFO:svchost.exe
2023-03-06 14:08:02,542:INFO:PEFService.exe
2023-03-06 14:08:02,556:INFO:RtkBtManServ.exe
2023-03-06 14:08:02,588:INFO:TouchpointGpuInfo.exe
2023-03-06 14:08:02,607:INFO:RtkAudUService64.exe
2023-03-06 14:08:02,628:INFO:svchost.exe
2023-03-06 14:08:02,645:INFO:VpnSvc.exe
2023-03-06 14:08:02,655:INFO:nessus-service.exe
2023-03-06 14:08:02,668:INFO:vmware-usbarbitrator64.exe
2023-03-06 14:08:02,699:INFO:vmwsprrdpwks.exe
2023-03-06 14:08:02,699:INFO:WebexHost.exe
2023-03-06 14:08:02,715:INFO:SECOMN64.exe
2023-03-06 14:08:02,731:INFO:WildTangentHelperService.exe
2023-03-06 14:08:02,746:INFO:svchost.exe
2023-03-06 14:08:02,762:INFO:nessusd.exe
2023-03-06 14:08:02,762:INFO:VpnNM.exe
2023-03-06 14:08:02,780:INFO:mysqld.exe
2023-03-06 14:08:02,794:INFO:svchost.exe
2023-03-06 14:08:02,794:INFO:BridgeCommunication.exe
2023-03-06 14:08:02,794:INFO:ctfmon.exe
2023-03-06 14:08:02,810:INFO:WmiPrvSE.exe
2023-03-06 14:08:02,810:INFO:powershell.exe
2023-03-06 14:08:02,826:INFO:conhost.exe
2023-03-06 14:08:02,857:INFO:svchost.exe
2023-03-06 14:08:02,873:INFO:svchost.exe
2023-03-06 14:08:02,889:INFO:aswEngSrv.exe
2023-03-06 14:08:02,889:INFO:AvastBrowser.exe
2023-03-06 14:08:02,889:INFO:slack.exe
2023-03-06 14:08:02,889:INFO:AvastBrowser.exe
2023-03-06 14:08:02,907:INFO:mfevtps.exe
2023-03-06 14:08:02,907:INFO:Code.exe
2023-03-06 14:08:02,907:INFO:msedge.exe
2023-03-06 14:08:02,920:INFO:ProtectedModuleHost.exe
2023-03-06 14:08:02,920:INFO:Creative Cloud UI Helper.exe
2023-03-06 14:08:02,936:INFO:AggregatorHost.exe
2023-03-06 14:08:02,952:INFO:nxserver.bin
2023-03-06 14:08:02,967:INFO:conhost.exe
2023-03-06 14:08:02,967:INFO:svchost.exe
2023-03-06 14:08:02,967:INFO:msedgewebview2.exe
2023-03-06 14:08:02,967:INFO:HPSystemEventUtilityHost.exe
2023-03-06 14:08:02,983:INFO:svchost.exe
2023-03-06 14:08:02,999:INFO:OneDrive.exe
2023-03-06 14:08:02,999:INFO:RuntimeBroker.exe
2023-03-06 14:08:03,015:INFO:svchost.exe
2023-03-06 14:08:03,031:INFO:aswidsagent.exe
2023-03-06 14:08:03,031:INFO:Adobe Desktop Service.exe
2023-03-06 14:08:03,046:INFO:svchost.exe
2023-03-06 14:08:03,062:INFO:ModuleCoreService.exe
2023-03-06 14:08:03,062:INFO:SearchHost.exe
2023-03-06 14:08:03,078:INFO:conhost.exe
2023-03-06 14:08:03,093:INFO:taskhostw.exe
2023-03-06 14:08:03,093:INFO:node.exe
2023-03-06 14:08:03,109:INFO:svchost.exe
2023-03-06 14:08:03,133:INFO:svchost.exe
2023-03-06 14:08:03,155:INFO:mcapexe.exe
2023-03-06 14:08:03,155:INFO:AvastBrowser.exe
2023-03-06 14:08:03,165:INFO:svchost.exe
2023-03-06 14:08:03,165:INFO:Zoom.exe
2023-03-06 14:08:03,181:INFO:svchost.exe
2023-03-06 14:08:03,197:INFO:GoogleCrashHandler.exe
2023-03-06 14:08:03,213:INFO:svchost.exe
2023-03-06 14:08:03,213:INFO:SDXHelper.exe
2023-03-06 14:08:05,579:WARNING:this process killed sucessfully =12232
2023-03-06 14:08:06,431:INFO:McCSPServiceHost.exe
2023-03-06 14:08:06,431:INFO:audiodg.exe
2023-03-06 14:08:08,874:WARNING:Error in kiling process =12536
2023-03-06 14:08:09,643:INFO:McUICnt.exe
2023-03-06 14:08:09,643:INFO:CCLibrary.exe
2023-03-06 14:08:09,658:INFO:svchost.exe
2023-03-06 14:08:09,658:INFO:AvastUI.exe
2023-03-06 14:08:09,674:INFO:svchost.exe
2023-03-06 14:08:09,674:INFO:taskhostw.exe
2023-03-06 14:08:09,674:INFO:svchost.exe
2023-03-06 14:08:09,674:INFO:Zoom.exe
2023-03-06 14:08:09,689:INFO:svchost.exe
2023-03-06 14:08:09,723:INFO:svchost.exe
2023-03-06 14:08:09,723:INFO:Grammarly.Desktop.exe
2023-03-06 14:08:09,737:INFO:nxd.exe
2023-03-06 14:08:09,752:INFO:SgrmBroker.exe
2023-03-06 14:08:09,752:INFO:CiscoCollabHostCef.exe
2023-03-06 14:08:09,752:INFO:slack.exe
2023-03-06 14:08:09,768:INFO:svchost.exe
2023-03-06 14:08:09,784:INFO:winlogon.exe
2023-03-06 14:08:09,799:INFO:GoogleCrashHandler64.exe
2023-03-06 14:08:09,799:INFO:AvastBrowser.exe
2023-03-06 14:08:09,815:INFO:svchost.exe
2023-03-06 14:08:09,815:INFO:msedgewebview2.exe
2023-03-06 14:08:09,815:INFO:mcshield.exe
2023-03-06 14:08:09,815:INFO:svchost.exe
2023-03-06 14:08:09,830:INFO:nxnode.bin
2023-03-06 14:08:09,830:INFO:CiscoCollabHost.exe
2023-03-06 14:08:09,847:INFO:svchost.exe
2023-03-06 14:08:09,847:INFO:AvastUI.exe
2023-03-06 14:08:09,847:INFO:python.exe
2023-03-06 14:08:09,878:INFO:SecurityHealthService.exe
2023-03-06 14:08:09,893:INFO:fontdrvhost.exe
2023-03-06 14:08:09,893:INFO:svchost.exe
2023-03-06 14:08:09,893:INFO:atmgr.exe
2023-03-06 14:08:09,893:INFO:McPvTray.exe
2023-03-06 14:08:09,909:INFO:HPCommRecovery.exe
2023-03-06 14:08:09,909:INFO:conhost.exe
2023-03-06 14:08:09,925:INFO:atieclxx.exe
2023-03-06 14:08:09,931:INFO:AppVShNotify.exe
2023-03-06 14:08:09,931:INFO:slack.exe
2023-03-06 14:08:09,931:INFO:msedgewebview2.exe
2023-03-06 14:08:09,940:INFO:svchost.exe
2023-03-06 14:08:09,940:INFO:ONENOTEM.EXE
2023-03-06 14:08:09,940:INFO:msedge.exe
2023-03-06 14:08:09,940:INFO:explorer.exe
2023-03-06 14:08:09,956:INFO:svchost.exe
2023-03-06 14:08:09,972:INFO:svchost.exe
2023-03-06 14:08:09,972:INFO:RuntimeBroker.exe
2023-03-06 14:08:09,972:INFO:ShellExperienceHost.exe
2023-03-06 14:08:09,972:INFO:Code.exe
2023-03-06 14:08:09,972:INFO:AdobeIPCBroker.exe
2023-03-06 14:08:09,972:INFO:slack.exe
2023-03-06 14:08:09,972:INFO:AvastBrowser.exe
2023-03-06 14:08:09,987:INFO:McVulCtr.exe
2023-03-06 14:08:09,987:INFO:cmd.exe
2023-03-06 14:08:09,987:INFO:notepad++.exe
2023-03-06 14:08:10,003:INFO:svchost.exe
2023-03-06 14:08:10,018:INFO:OpenVPNConnect.exe
2023-03-06 14:08:10,020:INFO:RuntimeBroker.exe
2023-03-06 14:08:10,020:INFO:mcafee-security-ft.exe
2023-03-06 14:08:10,020:INFO:msedgewebview2.exe
2023-03-06 14:08:10,020:INFO:HPAudioSwitch.exe
2023-03-06 14:08:10,020:INFO:Creative Cloud UI Helper.exe
2023-03-06 14:08:10,022:INFO:msedgewebview2.exe
2023-03-06 14:08:10,022:INFO:SecurityHealthSystray.exe
2023-03-06 14:08:10,035:INFO:svchost.exe
2023-03-06 14:08:10,035:INFO:AvastBrowser.exe
2023-03-06 14:08:10,035:INFO:msteams.exe
2023-03-06 14:08:10,035:INFO:SystemSettingsBroker.exe
2023-03-06 14:08:10,035:INFO:RuntimeBroker.exe
2023-03-06 14:08:10,035:INFO:msedgewebview2.exe
2023-03-06 14:08:10,035:INFO:slack.exe
2023-03-06 14:08:10,035:INFO:AvastBrowser.exe
2023-03-06 14:08:10,059:INFO:dwm.exe
2023-03-06 14:08:10,059:INFO:AvastUI.exe
2023-03-06 14:08:10,059:INFO:taskhostw.exe
2023-03-06 14:08:10,072:INFO:svchost.exe
2023-03-06 14:08:10,072:INFO:WhatsApp.exe
2023-03-06 14:08:10,083:INFO:svchost.exe
2023-03-06 14:08:10,083:INFO:CoreSync.exe
2023-03-06 14:08:10,083:INFO:AvastBrowser.exe
2023-03-06 14:08:10,083:INFO:sihost.exe
2023-03-06 14:08:10,103:INFO:QcShm.exe
2023-03-06 14:08:10,103:INFO:RuntimeBroker.exe
2023-03-06 14:08:10,103:INFO:Widgets.exe
2023-03-06 14:08:10,103:INFO:msedgewebview2.exe
2023-03-06 14:08:10,103:INFO:LockApp.exe
2023-03-06 14:08:10,103:INFO:ModuleCoreService.exe
2023-03-06 14:08:10,103:INFO:Code.exe
2023-03-06 14:08:10,103:INFO:svchost.exe
2023-03-06 14:08:10,103:INFO:msedge.exe
2023-03-06 14:08:10,103:INFO:RuntimeBroker.exe
2023-03-06 14:08:10,115:INFO:RuntimeBroker.exe
2023-03-06 14:08:10,115:INFO:RuntimeBroker.exe
2023-03-06 14:08:10,115:INFO:ai.exe
2023-03-06 14:08:10,115:INFO:BridgeCommunication.exe
2023-03-06 14:08:10,115:INFO:Code.exe
2023-03-06 14:08:10,115:INFO:conhost.exe
2023-03-06 14:08:10,132:INFO:csrss.exe
2023-03-06 14:08:10,132:INFO:node.exe
2023-03-06 14:08:10,132:INFO:msedge.exe
2023-03-06 14:08:10,147:INFO:svchost.exe
2023-03-06 14:08:10,147:INFO:svchost.exe
2023-03-06 14:08:10,147:INFO:CCXProcess.exe
2023-03-06 14:08:10,147:INFO:AdobeNotificationClient.exe
2023-03-06 14:08:10,147:INFO:conhost.exe
2023-03-06 14:08:10,147:INFO:AvastBrowser.exe
2023-03-06 14:08:10,163:INFO:OfficeClickToRun.exe
2023-03-06 14:08:10,178:INFO:svchost.exe
2023-03-06 14:08:10,178:INFO:OpenVPNConnect.exe
2023-03-06 14:08:10,178:INFO:RtkAudUService64.exe
2023-03-06 14:08:10,178:INFO:AvastBrowser.exe
2023-03-06 14:08:10,194:INFO:svchost.exe
2023-03-06 14:08:10,194:INFO:Microsoft.SharePoint.exe
2023-03-06 14:08:10,194:INFO:msedge.exe
2023-03-06 14:08:10,194:INFO:msedge.exe
2023-03-06 14:08:10,210:INFO:svchost.exe
2023-03-06 14:08:10,232:INFO:conhost.exe
2023-03-06 14:08:10,257:INFO:svchost.exe
2023-03-06 14:08:10,257:INFO:AvastBrowser.exe
2023-03-06 14:08:10,257:INFO:OpenVPNConnect.exe
2023-03-06 14:08:10,257:INFO:Code.exe
2023-03-06 14:08:10,257:INFO:Code.exe
2023-03-06 14:08:10,257:INFO:Code.exe
2023-03-06 14:08:10,257:INFO:msedge.exe
2023-03-06 14:08:10,257:INFO:OpenVPNConnect.exe
2023-03-06 14:08:10,257:INFO:cmd.exe
2023-03-06 14:08:10,257:INFO:svchost.exe
2023-03-06 14:08:10,257:INFO:msedge.exe
2023-03-06 14:08:10,257:INFO:msedgewebview2.exe
2023-03-06 14:08:10,257:INFO:AvastUI.exe
2023-03-06 14:08:10,273:INFO:svchost.exe
2023-03-06 14:08:10,273:INFO:svchost.exe
2023-03-06 14:08:10,273:INFO:AvastNM.exe
2023-03-06 14:08:10,273:INFO:POWERPNT.EXE
2023-03-06 14:08:10,273:INFO:msedgewebview2.exe
2023-03-06 14:08:10,273:INFO:CastSrv.exe
2023-03-06 14:08:10,288:INFO:svchost.exe
2023-03-06 14:08:10,288:INFO:dllhost.exe
2023-03-06 14:08:10,288:INFO:conhost.exe
2023-03-06 14:08:10,288:INFO:msedge.exe
2023-03-06 14:08:10,288:INFO:AdobeCollabSync.exe
2023-03-06 14:08:10,304:INFO:AdobeUpdateService.exe
2023-03-06 14:08:10,304:INFO:Creative Cloud.exe
2023-03-06 14:08:10,319:INFO:WmiPrvSE.exe
2023-03-06 14:08:10,319:INFO:RuntimeBroker.exe
2023-03-06 14:08:10,319:INFO:Code.exe
2023-03-06 14:08:10,335:INFO:svchost.exe
2023-03-06 14:08:10,335:INFO:mcafee-security.exe
2023-03-06 14:08:10,335:INFO:msedge.exe
2023-03-06 14:08:10,367:INFO:SearchIndexer.exe
2023-03-06 14:08:10,382:INFO:svchost.exe
